>>  Generating code
>>  Generating packages
>>  Creating EMF project at.ac.tuwien.big.xmltext (at.ac.tuwien.big.xmltext)
>>  Opening 'at.ac.tuwien.big.xmltext'.
#>  The user operation is waiting for background work to complete.
=>  The user operation is waiting for background work to complete.
>>  Refreshing '/at.ac.tuwien.big.xmltext'.
#>  The user operation is waiting for "Building workspace" to complete.
=>  The user operation is waiting for "Building workspace" to complete.
>>  Generating model plugin.properties
>>  Generating file /at.ac.tuwien.big.xmltext/examples/plugin.properties
>>  Opening folder /at.ac.tuwien.big.xmltext
>>  Generating model build.properties
>>  Generating model plugin.properties
>>  Generating file /at.ac.tuwien.big.xmltext/examples/build.properties
>>  Opening folder /at.ac.tuwien.big.xmltext
>>  Generating model META-INF/MANIFEST.MF
>>  Generating file /at.ac.tuwien.big.xmltext/examples/META-INF/MANIFEST.MF
>>  Opening folder /at.ac.tuwien.big.xmltext/examples/META-INF
>>  Generating model plugin.xml
>>  Generating file /at.ac.tuwien.big.xmltext/examples/plugin.xml
>>  Opening folder /at.ac.tuwien.big.xmltext
>>  Generating packages
>>  Creating EMF project at.ac.tuwien.big.xmltext (at.ac.tuwien.big.xmltext)
>>  Opening 'at.ac.tuwien.big.xmltext'.
>>  Generating model plugin.properties
>>  Generating file /at.ac.tuwien.big.xmltext/examples/plugin.properties
>>  Opening folder /at.ac.tuwien.big.xmltext
>>  Examining old /at.ac.tuwien.big.xmltext/examples/plugin.properties
>>  Preparing new /at.ac.tuwien.big.xmltext/examples/plugin.properties
>>  Generating model build.properties
>>  Generating model plugin.properties
>>  Generating file /at.ac.tuwien.big.xmltext/examples/build.properties
>>  Opening folder /at.ac.tuwien.big.xmltext
>>  Generating model META-INF/MANIFEST.MF
>>  Generating file /at.ac.tuwien.big.xmltext/examples/META-INF/MANIFEST.MF
>>  Opening folder /at.ac.tuwien.big.xmltext/examples/META-INF
>>  Examining old /at.ac.tuwien.big.xmltext/examples/META-INF/MANIFEST.MF
>>  Generating model plugin.xml
>>  Generating file /at.ac.tuwien.big.xmltext/examples/plugin.xml
>>  Opening folder /at.ac.tuwien.big.xmltext
>>  Examining old /at.ac.tuwien.big.xmltext/examples/plugin.xml
>>  Generating package simpleanySimplifiedPackage
>>  Creating EMF project at.ac.tuwien.big.xmltext (at.ac.tuwien.big.xmltext)
>>  Opening 'at.ac.tuwien.big.xmltext'.
>>  Generating Java interface simpleanySimplified.simpleanySimplifiedPackage
>>  Generating /at.ac.tuwien.big.xmltext/examples/src/simpleanySimplified/simpleanySimplifiedPackage.java
>>  Opening folder /at.ac.tuwien.big.xmltext/examples/src/simpleanySimplified
>>  Preparing new /at.ac.tuwien.big.xmltext/examples/src/simpleanySimplified/simpleanySimplifiedPackage.java
>>  Generating Java class simpleanySimplified.impl.simpleanySimplifiedPackageImpl
>>  Generating /at.ac.tuwien.big.xmltext/examples/src/simpleanySimplified/impl/simpleanySimplifiedPackageImpl.java
>>  Opening folder /at.ac.tuwien.big.xmltext/examples/src/simpleanySimplified/impl
>>  Preparing new /at.ac.tuwien.big.xmltext/examples/src/simpleanySimplified/impl/simpleanySimplifiedPackageImpl.java
>>  Generating Java interface simpleanySimplified.simpleanySimplifiedFactory
>>  Generating /at.ac.tuwien.big.xmltext/examples/src/simpleanySimplified/simpleanySimplifiedFactory.java
>>  Opening folder /at.ac.tuwien.big.xmltext/examples/src/simpleanySimplified
>>  Preparing new /at.ac.tuwien.big.xmltext/examples/src/simpleanySimplified/simpleanySimplifiedFactory.java
>>  Generating Java class simpleanySimplified.impl.simpleanySimplifiedFactoryImpl
>>  Generating /at.ac.tuwien.big.xmltext/examples/src/simpleanySimplified/impl/simpleanySimplifiedFactoryImpl.java
>>  Opening folder /at.ac.tuwien.big.xmltext/examples/src/simpleanySimplified/impl
>>  Preparing new /at.ac.tuwien.big.xmltext/examples/src/simpleanySimplified/impl/simpleanySimplifiedFactoryImpl.java
>>  Generating Java class simpleanySimplified.util.simpleanySimplifiedValidator
>>  Generating /at.ac.tuwien.big.xmltext/examples/src/simpleanySimplified/util/simpleanySimplifiedValidator.java
>>  Opening folder /at.ac.tuwien.big.xmltext/examples/src/simpleanySimplified/util
>>  Preparing new /at.ac.tuwien.big.xmltext/examples/src/simpleanySimplified/util/simpleanySimplifiedValidator.java
>>  Generating Java class simpleanySimplified.util.simpleanySimplifiedSwitch
>>  Generating /at.ac.tuwien.big.xmltext/examples/src/simpleanySimplified/util/simpleanySimplifiedSwitch.java
>>  Opening folder /at.ac.tuwien.big.xmltext/examples/src/simpleanySimplified/util
>>  Preparing new /at.ac.tuwien.big.xmltext/examples/src/simpleanySimplified/util/simpleanySimplifiedSwitch.java
>>  Generating Java class simpleanySimplified.util.simpleanySimplifiedAdapterFactory
>>  Generating /at.ac.tuwien.big.xmltext/examples/src/simpleanySimplified/util/simpleanySimplifiedAdapterFactory.java
>>  Opening folder /at.ac.tuwien.big.xmltext/examples/src/simpleanySimplified/util
>>  Preparing new /at.ac.tuwien.big.xmltext/examples/src/simpleanySimplified/util/simpleanySimplifiedAdapterFactory.java
>>  Generating package simpleanySimplifiedPackage
>>  Creating EMF project at.ac.tuwien.big.xmltext (at.ac.tuwien.big.xmltext)
>>  Opening 'at.ac.tuwien.big.xmltext'.
>>  Generating Java interface simpleanySimplified.simpleanySimplifiedPackage
>>  Generating /at.ac.tuwien.big.xmltext/examples/src/simpleanySimplified/simpleanySimplifiedPackage.java
>>  Opening folder /at.ac.tuwien.big.xmltext/examples/src/simpleanySimplified
>>  Examining old /at.ac.tuwien.big.xmltext/examples/src/simpleanySimplified/simpleanySimplifiedPackage.java
>>  Preparing new /at.ac.tuwien.big.xmltext/examples/src/simpleanySimplified/simpleanySimplifiedPackage.java
>>  Generating Java class simpleanySimplified.impl.simpleanySimplifiedPackageImpl
>>  Generating /at.ac.tuwien.big.xmltext/examples/src/simpleanySimplified/impl/simpleanySimplifiedPackageImpl.java
>>  Opening folder /at.ac.tuwien.big.xmltext/examples/src/simpleanySimplified/impl
>>  Examining old /at.ac.tuwien.big.xmltext/examples/src/simpleanySimplified/impl/simpleanySimplifiedPackageImpl.java
>>  Preparing new /at.ac.tuwien.big.xmltext/examples/src/simpleanySimplified/impl/simpleanySimplifiedPackageImpl.java
>>  Generating Java interface simpleanySimplified.simpleanySimplifiedFactory
>>  Generating /at.ac.tuwien.big.xmltext/examples/src/simpleanySimplified/simpleanySimplifiedFactory.java
>>  Opening folder /at.ac.tuwien.big.xmltext/examples/src/simpleanySimplified
>>  Examining old /at.ac.tuwien.big.xmltext/examples/src/simpleanySimplified/simpleanySimplifiedFactory.java
>>  Preparing new /at.ac.tuwien.big.xmltext/examples/src/simpleanySimplified/simpleanySimplifiedFactory.java
>>  Generating Java class simpleanySimplified.impl.simpleanySimplifiedFactoryImpl
>>  Generating /at.ac.tuwien.big.xmltext/examples/src/simpleanySimplified/impl/simpleanySimplifiedFactoryImpl.java
>>  Opening folder /at.ac.tuwien.big.xmltext/examples/src/simpleanySimplified/impl
>>  Examining old /at.ac.tuwien.big.xmltext/examples/src/simpleanySimplified/impl/simpleanySimplifiedFactoryImpl.java
>>  Preparing new /at.ac.tuwien.big.xmltext/examples/src/simpleanySimplified/impl/simpleanySimplifiedFactoryImpl.java
>>  Generating Java class simpleanySimplified.util.simpleanySimplifiedValidator
>>  Generating /at.ac.tuwien.big.xmltext/examples/src/simpleanySimplified/util/simpleanySimplifiedValidator.java
>>  Opening folder /at.ac.tuwien.big.xmltext/examples/src/simpleanySimplified/util
>>  Examining old /at.ac.tuwien.big.xmltext/examples/src/simpleanySimplified/util/simpleanySimplifiedValidator.java
>>  Preparing new /at.ac.tuwien.big.xmltext/examples/src/simpleanySimplified/util/simpleanySimplifiedValidator.java
>>  Generating Java class simpleanySimplified.util.simpleanySimplifiedSwitch
>>  Generating /at.ac.tuwien.big.xmltext/examples/src/simpleanySimplified/util/simpleanySimplifiedSwitch.java
>>  Opening folder /at.ac.tuwien.big.xmltext/examples/src/simpleanySimplified/util
>>  Examining old /at.ac.tuwien.big.xmltext/examples/src/simpleanySimplified/util/simpleanySimplifiedSwitch.java
>>  Preparing new /at.ac.tuwien.big.xmltext/examples/src/simpleanySimplified/util/simpleanySimplifiedSwitch.java
>>  Generating Java class simpleanySimplified.util.simpleanySimplifiedAdapterFactory
>>  Generating /at.ac.tuwien.big.xmltext/examples/src/simpleanySimplified/util/simpleanySimplifiedAdapterFactory.java
>>  Opening folder /at.ac.tuwien.big.xmltext/examples/src/simpleanySimplified/util
>>  Examining old /at.ac.tuwien.big.xmltext/examples/src/simpleanySimplified/util/simpleanySimplifiedAdapterFactory.java
>>  Preparing new /at.ac.tuwien.big.xmltext/examples/src/simpleanySimplified/util/simpleanySimplifiedAdapterFactory.java
>>  Generating Book
>>  Creating EMF project at.ac.tuwien.big.xmltext (at.ac.tuwien.big.xmltext)
>>  Opening 'at.ac.tuwien.big.xmltext'.
>>  Generating Java interface simpleanySimplified.Book
>>  Generating /at.ac.tuwien.big.xmltext/examples/src/simpleanySimplified/Book.java
>>  Opening folder /at.ac.tuwien.big.xmltext/examples/src/simpleanySimplified
>>  Preparing new /at.ac.tuwien.big.xmltext/examples/src/simpleanySimplified/Book.java
>>  Generating Java class simpleanySimplified.impl.BookImpl
>>  Generating /at.ac.tuwien.big.xmltext/examples/src/simpleanySimplified/impl/BookImpl.java
>>  Opening folder /at.ac.tuwien.big.xmltext/examples/src/simpleanySimplified/impl
>>  Preparing new /at.ac.tuwien.big.xmltext/examples/src/simpleanySimplified/impl/BookImpl.java
>>  Generating Book
>>  Creating EMF project at.ac.tuwien.big.xmltext (at.ac.tuwien.big.xmltext)
>>  Opening 'at.ac.tuwien.big.xmltext'.
>>  Generating Java interface simpleanySimplified.Book
>>  Generating /at.ac.tuwien.big.xmltext/examples/src/simpleanySimplified/Book.java
>>  Opening folder /at.ac.tuwien.big.xmltext/examples/src/simpleanySimplified
>>  Examining old /at.ac.tuwien.big.xmltext/examples/src/simpleanySimplified/Book.java
>>  Preparing new /at.ac.tuwien.big.xmltext/examples/src/simpleanySimplified/Book.java
>>  Generating Java class simpleanySimplified.impl.BookImpl
>>  Generating /at.ac.tuwien.big.xmltext/examples/src/simpleanySimplified/impl/BookImpl.java
>>  Opening folder /at.ac.tuwien.big.xmltext/examples/src/simpleanySimplified/impl
>>  Examining old /at.ac.tuwien.big.xmltext/examples/src/simpleanySimplified/impl/BookImpl.java
>>  Preparing new /at.ac.tuwien.big.xmltext/examples/src/simpleanySimplified/impl/BookImpl.java
>>  Generating Description
>>  Creating EMF project at.ac.tuwien.big.xmltext (at.ac.tuwien.big.xmltext)
>>  Opening 'at.ac.tuwien.big.xmltext'.
>>  Generating Java interface simpleanySimplified.Description
>>  Generating /at.ac.tuwien.big.xmltext/examples/src/simpleanySimplified/Description.java
>>  Opening folder /at.ac.tuwien.big.xmltext/examples/src/simpleanySimplified
>>  Preparing new /at.ac.tuwien.big.xmltext/examples/src/simpleanySimplified/Description.java
>>  Generating Java class simpleanySimplified.impl.DescriptionImpl
>>  Generating /at.ac.tuwien.big.xmltext/examples/src/simpleanySimplified/impl/DescriptionImpl.java
>>  Opening folder /at.ac.tuwien.big.xmltext/examples/src/simpleanySimplified/impl
>>  Preparing new /at.ac.tuwien.big.xmltext/examples/src/simpleanySimplified/impl/DescriptionImpl.java
>>  Generating Description
>>  Creating EMF project at.ac.tuwien.big.xmltext (at.ac.tuwien.big.xmltext)
>>  Opening 'at.ac.tuwien.big.xmltext'.
>>  Generating Java interface simpleanySimplified.Description
>>  Generating /at.ac.tuwien.big.xmltext/examples/src/simpleanySimplified/Description.java
>>  Opening folder /at.ac.tuwien.big.xmltext/examples/src/simpleanySimplified
>>  Examining old /at.ac.tuwien.big.xmltext/examples/src/simpleanySimplified/Description.java
>>  Preparing new /at.ac.tuwien.big.xmltext/examples/src/simpleanySimplified/Description.java
>>  Generating Java class simpleanySimplified.impl.DescriptionImpl
>>  Generating /at.ac.tuwien.big.xmltext/examples/src/simpleanySimplified/impl/DescriptionImpl.java
>>  Opening folder /at.ac.tuwien.big.xmltext/examples/src/simpleanySimplified/impl
>>  Examining old /at.ac.tuwien.big.xmltext/examples/src/simpleanySimplified/impl/DescriptionImpl.java
>>  Preparing new /at.ac.tuwien.big.xmltext/examples/src/simpleanySimplified/impl/DescriptionImpl.java
>>  Generating Library
>>  Creating EMF project at.ac.tuwien.big.xmltext (at.ac.tuwien.big.xmltext)
>>  Opening 'at.ac.tuwien.big.xmltext'.
>>  Generating Java interface simpleanySimplified.Library
>>  Generating /at.ac.tuwien.big.xmltext/examples/src/simpleanySimplified/Library.java
>>  Opening folder /at.ac.tuwien.big.xmltext/examples/src/simpleanySimplified
>>  Preparing new /at.ac.tuwien.big.xmltext/examples/src/simpleanySimplified/Library.java
>>  Generating Java class simpleanySimplified.impl.LibraryImpl
>>  Generating /at.ac.tuwien.big.xmltext/examples/src/simpleanySimplified/impl/LibraryImpl.java
>>  Opening folder /at.ac.tuwien.big.xmltext/examples/src/simpleanySimplified/impl
>>  Preparing new /at.ac.tuwien.big.xmltext/examples/src/simpleanySimplified/impl/LibraryImpl.java
>>  Generating Library
>>  Creating EMF project at.ac.tuwien.big.xmltext (at.ac.tuwien.big.xmltext)
>>  Opening 'at.ac.tuwien.big.xmltext'.
>>  Generating Java interface simpleanySimplified.Library
>>  Generating /at.ac.tuwien.big.xmltext/examples/src/simpleanySimplified/Library.java
>>  Opening folder /at.ac.tuwien.big.xmltext/examples/src/simpleanySimplified
>>  Examining old /at.ac.tuwien.big.xmltext/examples/src/simpleanySimplified/Library.java
>>  Preparing new /at.ac.tuwien.big.xmltext/examples/src/simpleanySimplified/Library.java
>>  Generating Java class simpleanySimplified.impl.LibraryImpl
>>  Generating /at.ac.tuwien.big.xmltext/examples/src/simpleanySimplified/impl/LibraryImpl.java
>>  Opening folder /at.ac.tuwien.big.xmltext/examples/src/simpleanySimplified/impl
>>  Examining old /at.ac.tuwien.big.xmltext/examples/src/simpleanySimplified/impl/LibraryImpl.java
>>  Preparing new /at.ac.tuwien.big.xmltext/examples/src/simpleanySimplified/impl/LibraryImpl.java
>>  Generating Mixed Data
>>  Creating EMF project at.ac.tuwien.big.xmltext (at.ac.tuwien.big.xmltext)
>>  Opening 'at.ac.tuwien.big.xmltext'.
#>  The user operation is waiting for "Building workspace" to complete.
=>  The user operation is waiting for "Building workspace" to complete.
>>  Generating Java interface simpleanySimplified.MixedData
>>  Generating /at.ac.tuwien.big.xmltext/examples/src/simpleanySimplified/MixedData.java
>>  Opening folder /at.ac.tuwien.big.xmltext/examples/src/simpleanySimplified
>>  Preparing new /at.ac.tuwien.big.xmltext/examples/src/simpleanySimplified/MixedData.java
>>  Generating Java class simpleanySimplified.impl.MixedDataImpl
>>  Generating /at.ac.tuwien.big.xmltext/examples/src/simpleanySimplified/impl/MixedDataImpl.java
>>  Opening folder /at.ac.tuwien.big.xmltext/examples/src/simpleanySimplified/impl
>>  Preparing new /at.ac.tuwien.big.xmltext/examples/src/simpleanySimplified/impl/MixedDataImpl.java
>>  Generating Mixed Data
>>  Creating EMF project at.ac.tuwien.big.xmltext (at.ac.tuwien.big.xmltext)
>>  Opening 'at.ac.tuwien.big.xmltext'.
>>  Generating Java interface simpleanySimplified.MixedData
>>  Generating /at.ac.tuwien.big.xmltext/examples/src/simpleanySimplified/MixedData.java
>>  Opening folder /at.ac.tuwien.big.xmltext/examples/src/simpleanySimplified
>>  Examining old /at.ac.tuwien.big.xmltext/examples/src/simpleanySimplified/MixedData.java
>>  Preparing new /at.ac.tuwien.big.xmltext/examples/src/simpleanySimplified/MixedData.java
>>  Generating Java class simpleanySimplified.impl.MixedDataImpl
>>  Generating /at.ac.tuwien.big.xmltext/examples/src/simpleanySimplified/impl/MixedDataImpl.java
>>  Opening folder /at.ac.tuwien.big.xmltext/examples/src/simpleanySimplified/impl
>>  Examining old /at.ac.tuwien.big.xmltext/examples/src/simpleanySimplified/impl/MixedDataImpl.java
>>  Preparing new /at.ac.tuwien.big.xmltext/examples/src/simpleanySimplified/impl/MixedDataImpl.java
>>  Generating Mixed Text
>>  Creating EMF project at.ac.tuwien.big.xmltext (at.ac.tuwien.big.xmltext)
>>  Opening 'at.ac.tuwien.big.xmltext'.
#>  The user operation is waiting for "Building workspace" to complete.
=>  The user operation is waiting for "Building workspace" to complete.
>>  Generating Java interface simpleanySimplified.MixedText
>>  Generating /at.ac.tuwien.big.xmltext/examples/src/simpleanySimplified/MixedText.java
>>  Opening folder /at.ac.tuwien.big.xmltext/examples/src/simpleanySimplified
>>  Preparing new /at.ac.tuwien.big.xmltext/examples/src/simpleanySimplified/MixedText.java
>>  Generating Java class simpleanySimplified.impl.MixedTextImpl
>>  Generating /at.ac.tuwien.big.xmltext/examples/src/simpleanySimplified/impl/MixedTextImpl.java
>>  Opening folder /at.ac.tuwien.big.xmltext/examples/src/simpleanySimplified/impl
>>  Preparing new /at.ac.tuwien.big.xmltext/examples/src/simpleanySimplified/impl/MixedTextImpl.java
>>  Generating Mixed Text
>>  Creating EMF project at.ac.tuwien.big.xmltext (at.ac.tuwien.big.xmltext)
>>  Opening 'at.ac.tuwien.big.xmltext'.
>>  Generating Java interface simpleanySimplified.MixedText
>>  Generating /at.ac.tuwien.big.xmltext/examples/src/simpleanySimplified/MixedText.java
>>  Opening folder /at.ac.tuwien.big.xmltext/examples/src/simpleanySimplified
>>  Examining old /at.ac.tuwien.big.xmltext/examples/src/simpleanySimplified/MixedText.java
>>  Preparing new /at.ac.tuwien.big.xmltext/examples/src/simpleanySimplified/MixedText.java
>>  Generating Java class simpleanySimplified.impl.MixedTextImpl
>>  Generating /at.ac.tuwien.big.xmltext/examples/src/simpleanySimplified/impl/MixedTextImpl.java
>>  Opening folder /at.ac.tuwien.big.xmltext/examples/src/simpleanySimplified/impl
>>  Examining old /at.ac.tuwien.big.xmltext/examples/src/simpleanySimplified/impl/MixedTextImpl.java
>>  Preparing new /at.ac.tuwien.big.xmltext/examples/src/simpleanySimplified/impl/MixedTextImpl.java
>>  Generating Mixed Feature
>>  Creating EMF project at.ac.tuwien.big.xmltext (at.ac.tuwien.big.xmltext)
>>  Opening 'at.ac.tuwien.big.xmltext'.
#>  The user operation is waiting for "Building workspace" to complete.
=>  The user operation is waiting for "Building workspace" to complete.
>>  Generating Java interface simpleanySimplified.MixedFeature
>>  Generating /at.ac.tuwien.big.xmltext/examples/src/simpleanySimplified/MixedFeature.java
>>  Opening folder /at.ac.tuwien.big.xmltext/examples/src/simpleanySimplified
>>  Preparing new /at.ac.tuwien.big.xmltext/examples/src/simpleanySimplified/MixedFeature.java
>>  Generating Java class simpleanySimplified.impl.MixedFeatureImpl
>>  Generating /at.ac.tuwien.big.xmltext/examples/src/simpleanySimplified/impl/MixedFeatureImpl.java
>>  Opening folder /at.ac.tuwien.big.xmltext/examples/src/simpleanySimplified/impl
>>  Preparing new /at.ac.tuwien.big.xmltext/examples/src/simpleanySimplified/impl/MixedFeatureImpl.java
>>  Generating Mixed Feature
>>  Creating EMF project at.ac.tuwien.big.xmltext (at.ac.tuwien.big.xmltext)
>>  Opening 'at.ac.tuwien.big.xmltext'.
>>  Generating Java interface simpleanySimplified.MixedFeature
>>  Generating /at.ac.tuwien.big.xmltext/examples/src/simpleanySimplified/MixedFeature.java
>>  Opening folder /at.ac.tuwien.big.xmltext/examples/src/simpleanySimplified
>>  Examining old /at.ac.tuwien.big.xmltext/examples/src/simpleanySimplified/MixedFeature.java
>>  Preparing new /at.ac.tuwien.big.xmltext/examples/src/simpleanySimplified/MixedFeature.java
>>  Generating Java class simpleanySimplified.impl.MixedFeatureImpl
>>  Generating /at.ac.tuwien.big.xmltext/examples/src/simpleanySimplified/impl/MixedFeatureImpl.java
>>  Opening folder /at.ac.tuwien.big.xmltext/examples/src/simpleanySimplified/impl
>>  Examining old /at.ac.tuwien.big.xmltext/examples/src/simpleanySimplified/impl/MixedFeatureImpl.java
>>  Preparing new /at.ac.tuwien.big.xmltext/examples/src/simpleanySimplified/impl/MixedFeatureImpl.java
>>  Generating Mixed Base Class
>>  Creating EMF project at.ac.tuwien.big.xmltext (at.ac.tuwien.big.xmltext)
>>  Opening 'at.ac.tuwien.big.xmltext'.
>>  Generating Java interface simpleanySimplified.MixedBaseClass
>>  Generating /at.ac.tuwien.big.xmltext/examples/src/simpleanySimplified/MixedBaseClass.java
>>  Opening folder /at.ac.tuwien.big.xmltext/examples/src/simpleanySimplified
>>  Preparing new /at.ac.tuwien.big.xmltext/examples/src/simpleanySimplified/MixedBaseClass.java
>>  Generating Java class simpleanySimplified.impl.MixedBaseClassImpl
>>  Generating /at.ac.tuwien.big.xmltext/examples/src/simpleanySimplified/impl/MixedBaseClassImpl.java
>>  Opening folder /at.ac.tuwien.big.xmltext/examples/src/simpleanySimplified/impl
>>  Preparing new /at.ac.tuwien.big.xmltext/examples/src/simpleanySimplified/impl/MixedBaseClassImpl.java
>>  Generating Mixed Base Class
>>  Creating EMF project at.ac.tuwien.big.xmltext (at.ac.tuwien.big.xmltext)
>>  Opening 'at.ac.tuwien.big.xmltext'.
>>  Generating Java interface simpleanySimplified.MixedBaseClass
>>  Generating /at.ac.tuwien.big.xmltext/examples/src/simpleanySimplified/MixedBaseClass.java
>>  Opening folder /at.ac.tuwien.big.xmltext/examples/src/simpleanySimplified
>>  Examining old /at.ac.tuwien.big.xmltext/examples/src/simpleanySimplified/MixedBaseClass.java
>>  Preparing new /at.ac.tuwien.big.xmltext/examples/src/simpleanySimplified/MixedBaseClass.java
>>  Generating Java class simpleanySimplified.impl.MixedBaseClassImpl
>>  Generating /at.ac.tuwien.big.xmltext/examples/src/simpleanySimplified/impl/MixedBaseClassImpl.java
>>  Opening folder /at.ac.tuwien.big.xmltext/examples/src/simpleanySimplified/impl
>>  Examining old /at.ac.tuwien.big.xmltext/examples/src/simpleanySimplified/impl/MixedBaseClassImpl.java
>>  Preparing new /at.ac.tuwien.big.xmltext/examples/src/simpleanySimplified/impl/MixedBaseClassImpl.java
>>  Generating code
>>  Generating edit packages
>>  Creating EMF project at.ac.tuwien.big.xmltext.edit (at.ac.tuwien.big.xmltext.edit)
#>  The user operation is waiting for "Building workspace" to complete.
=>  The user operation is waiting for "Building workspace" to complete.
>>  Opening 'at.ac.tuwien.big.xmltext.edit'.
#>  The user operation is waiting for background work to complete.
=>  The user operation is waiting for background work to complete.
>>  Refreshing '/at.ac.tuwien.big.xmltext.edit'.
>>  Generating Java class simpleanySimplified.provider.simpleanySimplifiedEditPlugin
>>  Generating /at.ac.tuwien.big.xmltext.edit/src/simpleanySimplified/provider/simpleanySimplifiedEditPlugin.java
>>  Opening folder /at.ac.tuwien.big.xmltext.edit/src/simpleanySimplified/provider
>>  Preparing new /at.ac.tuwien.big.xmltext.edit/src/simpleanySimplified/provider/simpleanySimplifiedEditPlugin.java
>>  Generating edit plugin.properties
>>  Generating file /at.ac.tuwien.big.xmltext.edit/plugin.properties
>>  Opening folder /at.ac.tuwien.big.xmltext.edit
>>  Generating edit build.properties
>>  Generating file /at.ac.tuwien.big.xmltext.edit/build.properties
>>  Opening folder /at.ac.tuwien.big.xmltext.edit
>>  Generating edit META-INF/MANIFEST.MF
>>  Generating file /at.ac.tuwien.big.xmltext.edit/META-INF/MANIFEST.MF
>>  Opening folder /at.ac.tuwien.big.xmltext.edit/META-INF
>>  Generating edit plugin.xml
>>  Generating file /at.ac.tuwien.big.xmltext.edit/plugin.xml
>>  Opening folder /at.ac.tuwien.big.xmltext.edit
>>  Generating edit packages
>>  Creating EMF project at.ac.tuwien.big.xmltext.edit (at.ac.tuwien.big.xmltext.edit)
>>  Opening 'at.ac.tuwien.big.xmltext.edit'.
>>  Generating Java class simpleanySimplified.provider.simpleanySimplifiedEditPlugin
>>  Generating /at.ac.tuwien.big.xmltext.edit/src/simpleanySimplified/provider/simpleanySimplifiedEditPlugin.java
>>  Opening folder /at.ac.tuwien.big.xmltext.edit/src/simpleanySimplified/provider
>>  Examining old /at.ac.tuwien.big.xmltext.edit/src/simpleanySimplified/provider/simpleanySimplifiedEditPlugin.java
>>  Preparing new /at.ac.tuwien.big.xmltext.edit/src/simpleanySimplified/provider/simpleanySimplifiedEditPlugin.java
>>  Generating edit plugin.properties
>>  Generating file /at.ac.tuwien.big.xmltext.edit/plugin.properties
>>  Opening folder /at.ac.tuwien.big.xmltext.edit
>>  Examining old /at.ac.tuwien.big.xmltext.edit/plugin.properties
>>  Preparing new /at.ac.tuwien.big.xmltext.edit/plugin.properties
>>  Generating edit build.properties
>>  Generating file /at.ac.tuwien.big.xmltext.edit/build.properties
>>  Opening folder /at.ac.tuwien.big.xmltext.edit
>>  Generating edit META-INF/MANIFEST.MF
>>  Generating file /at.ac.tuwien.big.xmltext.edit/META-INF/MANIFEST.MF
>>  Opening folder /at.ac.tuwien.big.xmltext.edit/META-INF
>>  Examining old /at.ac.tuwien.big.xmltext.edit/META-INF/MANIFEST.MF
>>  Generating edit plugin.xml
>>  Generating file /at.ac.tuwien.big.xmltext.edit/plugin.xml
>>  Opening folder /at.ac.tuwien.big.xmltext.edit
>>  Examining old /at.ac.tuwien.big.xmltext.edit/plugin.xml
>>  Generating item providers for package simpleanySimplifiedPackage
>>  Creating EMF project at.ac.tuwien.big.xmltext.edit (at.ac.tuwien.big.xmltext.edit)
>>  Opening 'at.ac.tuwien.big.xmltext.edit'.
>>  Generating Java class simpleanySimplified.provider.simpleanySimplifiedItemProviderAdapterFactory
>>  Generating /at.ac.tuwien.big.xmltext.edit/src/simpleanySimplified/provider/simpleanySimplifiedItemProviderAdapterFactory.java
>>  Opening folder /at.ac.tuwien.big.xmltext.edit/src/simpleanySimplified/provider
>>  Preparing new /at.ac.tuwien.big.xmltext.edit/src/simpleanySimplified/provider/simpleanySimplifiedItemProviderAdapterFactory.java
>>  Generating item providers for package simpleanySimplifiedPackage
>>  Creating EMF project at.ac.tuwien.big.xmltext.edit (at.ac.tuwien.big.xmltext.edit)
>>  Opening 'at.ac.tuwien.big.xmltext.edit'.
>>  Generating Java class simpleanySimplified.provider.simpleanySimplifiedItemProviderAdapterFactory
>>  Generating /at.ac.tuwien.big.xmltext.edit/src/simpleanySimplified/provider/simpleanySimplifiedItemProviderAdapterFactory.java
>>  Opening folder /at.ac.tuwien.big.xmltext.edit/src/simpleanySimplified/provider
>>  Examining old /at.ac.tuwien.big.xmltext.edit/src/simpleanySimplified/provider/simpleanySimplifiedItemProviderAdapterFactory.java
>>  Preparing new /at.ac.tuwien.big.xmltext.edit/src/simpleanySimplified/provider/simpleanySimplifiedItemProviderAdapterFactory.java
>>  Generating provider Book
>>  Creating EMF project at.ac.tuwien.big.xmltext.edit (at.ac.tuwien.big.xmltext.edit)
>>  Opening 'at.ac.tuwien.big.xmltext.edit'.
>>  Generating Java class simpleanySimplified.provider.BookItemProvider
>>  Generating /at.ac.tuwien.big.xmltext.edit/src/simpleanySimplified/provider/BookItemProvider.java
>>  Opening folder /at.ac.tuwien.big.xmltext.edit/src/simpleanySimplified/provider
>>  Preparing new /at.ac.tuwien.big.xmltext.edit/src/simpleanySimplified/provider/BookItemProvider.java
>>  Generating item icon /at.ac.tuwien.big.xmltext.edit/icons/full/obj16/Book.gif
>>  Generating image /at.ac.tuwien.big.xmltext.edit/icons/full/obj16/Book.gif
>>  Opening folder /at.ac.tuwien.big.xmltext.edit/icons/full/obj16
>>  Generating create child icon /at.ac.tuwien.big.xmltext.edit/icons/full/ctool16/CreateBook_description_Description.gif
>>  Generating image /at.ac.tuwien.big.xmltext.edit/icons/full/ctool16/CreateBook_description_Description.gif
>>  Opening folder /at.ac.tuwien.big.xmltext.edit/icons/full/ctool16
>>  Generating provider Book
>>  Creating EMF project at.ac.tuwien.big.xmltext.edit (at.ac.tuwien.big.xmltext.edit)
>>  Opening 'at.ac.tuwien.big.xmltext.edit'.
>>  Generating Java class simpleanySimplified.provider.BookItemProvider
>>  Generating /at.ac.tuwien.big.xmltext.edit/src/simpleanySimplified/provider/BookItemProvider.java
>>  Opening folder /at.ac.tuwien.big.xmltext.edit/src/simpleanySimplified/provider
>>  Examining old /at.ac.tuwien.big.xmltext.edit/src/simpleanySimplified/provider/BookItemProvider.java
>>  Preparing new /at.ac.tuwien.big.xmltext.edit/src/simpleanySimplified/provider/BookItemProvider.java
>>  Generating item icon /at.ac.tuwien.big.xmltext.edit/icons/full/obj16/Book.gif
>>  Generating image /at.ac.tuwien.big.xmltext.edit/icons/full/obj16/Book.gif
>>  Opening folder /at.ac.tuwien.big.xmltext.edit/icons/full/obj16
>>  Generating create child icon /at.ac.tuwien.big.xmltext.edit/icons/full/ctool16/CreateBook_description_Description.gif
>>  Generating image /at.ac.tuwien.big.xmltext.edit/icons/full/ctool16/CreateBook_description_Description.gif
>>  Opening folder /at.ac.tuwien.big.xmltext.edit/icons/full/ctool16
>>  Generating provider Description
>>  Creating EMF project at.ac.tuwien.big.xmltext.edit (at.ac.tuwien.big.xmltext.edit)
>>  Opening 'at.ac.tuwien.big.xmltext.edit'.
>>  Generating Java class simpleanySimplified.provider.DescriptionItemProvider
>>  Generating /at.ac.tuwien.big.xmltext.edit/src/simpleanySimplified/provider/DescriptionItemProvider.java
>>  Opening folder /at.ac.tuwien.big.xmltext.edit/src/simpleanySimplified/provider
>>  Preparing new /at.ac.tuwien.big.xmltext.edit/src/simpleanySimplified/provider/DescriptionItemProvider.java
>>  Generating item icon /at.ac.tuwien.big.xmltext.edit/icons/full/obj16/Description.gif
>>  Generating image /at.ac.tuwien.big.xmltext.edit/icons/full/obj16/Description.gif
>>  Opening folder /at.ac.tuwien.big.xmltext.edit/icons/full/obj16
>>  Generating create child icon /at.ac.tuwien.big.xmltext.edit/icons/full/ctool16/CreateDescription_descriptions_Description.gif
>>  Generating image /at.ac.tuwien.big.xmltext.edit/icons/full/ctool16/CreateDescription_descriptions_Description.gif
>>  Opening folder /at.ac.tuwien.big.xmltext.edit/icons/full/ctool16
>>  Generating provider Description
>>  Creating EMF project at.ac.tuwien.big.xmltext.edit (at.ac.tuwien.big.xmltext.edit)
>>  Opening 'at.ac.tuwien.big.xmltext.edit'.
>>  Generating Java class simpleanySimplified.provider.DescriptionItemProvider
>>  Generating /at.ac.tuwien.big.xmltext.edit/src/simpleanySimplified/provider/DescriptionItemProvider.java
>>  Opening folder /at.ac.tuwien.big.xmltext.edit/src/simpleanySimplified/provider
>>  Examining old /at.ac.tuwien.big.xmltext.edit/src/simpleanySimplified/provider/DescriptionItemProvider.java
>>  Preparing new /at.ac.tuwien.big.xmltext.edit/src/simpleanySimplified/provider/DescriptionItemProvider.java
>>  Generating item icon /at.ac.tuwien.big.xmltext.edit/icons/full/obj16/Description.gif
>>  Generating image /at.ac.tuwien.big.xmltext.edit/icons/full/obj16/Description.gif
>>  Opening folder /at.ac.tuwien.big.xmltext.edit/icons/full/obj16
>>  Generating create child icon /at.ac.tuwien.big.xmltext.edit/icons/full/ctool16/CreateDescription_descriptions_Description.gif
>>  Generating image /at.ac.tuwien.big.xmltext.edit/icons/full/ctool16/CreateDescription_descriptions_Description.gif
>>  Opening folder /at.ac.tuwien.big.xmltext.edit/icons/full/ctool16
>>  Generating provider Library
>>  Creating EMF project at.ac.tuwien.big.xmltext.edit (at.ac.tuwien.big.xmltext.edit)
>>  Opening 'at.ac.tuwien.big.xmltext.edit'.
>>  Generating Java class simpleanySimplified.provider.LibraryItemProvider
>>  Generating /at.ac.tuwien.big.xmltext.edit/src/simpleanySimplified/provider/LibraryItemProvider.java
>>  Opening folder /at.ac.tuwien.big.xmltext.edit/src/simpleanySimplified/provider
>>  Preparing new /at.ac.tuwien.big.xmltext.edit/src/simpleanySimplified/provider/LibraryItemProvider.java
>>  Generating item icon /at.ac.tuwien.big.xmltext.edit/icons/full/obj16/Library.gif
>>  Generating image /at.ac.tuwien.big.xmltext.edit/icons/full/obj16/Library.gif
>>  Opening folder /at.ac.tuwien.big.xmltext.edit/icons/full/obj16
>>  Generating create child icon /at.ac.tuwien.big.xmltext.edit/icons/full/ctool16/CreateLibrary_books_Book.gif
>>  Generating image /at.ac.tuwien.big.xmltext.edit/icons/full/ctool16/CreateLibrary_books_Book.gif
>>  Opening folder /at.ac.tuwien.big.xmltext.edit/icons/full/ctool16
>>  Generating provider Library
>>  Creating EMF project at.ac.tuwien.big.xmltext.edit (at.ac.tuwien.big.xmltext.edit)
>>  Opening 'at.ac.tuwien.big.xmltext.edit'.
>>  Generating Java class simpleanySimplified.provider.LibraryItemProvider
>>  Generating /at.ac.tuwien.big.xmltext.edit/src/simpleanySimplified/provider/LibraryItemProvider.java
>>  Opening folder /at.ac.tuwien.big.xmltext.edit/src/simpleanySimplified/provider
>>  Examining old /at.ac.tuwien.big.xmltext.edit/src/simpleanySimplified/provider/LibraryItemProvider.java
>>  Preparing new /at.ac.tuwien.big.xmltext.edit/src/simpleanySimplified/provider/LibraryItemProvider.java
>>  Generating item icon /at.ac.tuwien.big.xmltext.edit/icons/full/obj16/Library.gif
>>  Generating image /at.ac.tuwien.big.xmltext.edit/icons/full/obj16/Library.gif
>>  Opening folder /at.ac.tuwien.big.xmltext.edit/icons/full/obj16
>>  Generating create child icon /at.ac.tuwien.big.xmltext.edit/icons/full/ctool16/CreateLibrary_books_Book.gif
>>  Generating image /at.ac.tuwien.big.xmltext.edit/icons/full/ctool16/CreateLibrary_books_Book.gif
>>  Opening folder /at.ac.tuwien.big.xmltext.edit/icons/full/ctool16
>>  Generating provider Mixed Data
>>  Creating EMF project at.ac.tuwien.big.xmltext.edit (at.ac.tuwien.big.xmltext.edit)
>>  Opening 'at.ac.tuwien.big.xmltext.edit'.
>>  Generating Java class simpleanySimplified.provider.MixedDataItemProvider
>>  Generating /at.ac.tuwien.big.xmltext.edit/src/simpleanySimplified/provider/MixedDataItemProvider.java
>>  Opening folder /at.ac.tuwien.big.xmltext.edit/src/simpleanySimplified/provider
>>  Preparing new /at.ac.tuwien.big.xmltext.edit/src/simpleanySimplified/provider/MixedDataItemProvider.java
>>  Generating provider Mixed Data
>>  Creating EMF project at.ac.tuwien.big.xmltext.edit (at.ac.tuwien.big.xmltext.edit)
>>  Opening 'at.ac.tuwien.big.xmltext.edit'.
>>  Generating Java class simpleanySimplified.provider.MixedDataItemProvider
>>  Generating /at.ac.tuwien.big.xmltext.edit/src/simpleanySimplified/provider/MixedDataItemProvider.java
>>  Opening folder /at.ac.tuwien.big.xmltext.edit/src/simpleanySimplified/provider
>>  Examining old /at.ac.tuwien.big.xmltext.edit/src/simpleanySimplified/provider/MixedDataItemProvider.java
>>  Preparing new /at.ac.tuwien.big.xmltext.edit/src/simpleanySimplified/provider/MixedDataItemProvider.java
>>  Generating provider Mixed Text
>>  Creating EMF project at.ac.tuwien.big.xmltext.edit (at.ac.tuwien.big.xmltext.edit)
>>  Opening 'at.ac.tuwien.big.xmltext.edit'.
>>  Generating Java class simpleanySimplified.provider.MixedTextItemProvider
>>  Generating /at.ac.tuwien.big.xmltext.edit/src/simpleanySimplified/provider/MixedTextItemProvider.java
>>  Opening folder /at.ac.tuwien.big.xmltext.edit/src/simpleanySimplified/provider
>>  Preparing new /at.ac.tuwien.big.xmltext.edit/src/simpleanySimplified/provider/MixedTextItemProvider.java
>>  Generating item icon /at.ac.tuwien.big.xmltext.edit/icons/full/obj16/MixedText.gif
>>  Generating image /at.ac.tuwien.big.xmltext.edit/icons/full/obj16/MixedText.gif
>>  Opening folder /at.ac.tuwien.big.xmltext.edit/icons/full/obj16
>>  Generating provider Mixed Text
>>  Creating EMF project at.ac.tuwien.big.xmltext.edit (at.ac.tuwien.big.xmltext.edit)
>>  Opening 'at.ac.tuwien.big.xmltext.edit'.
>>  Generating Java class simpleanySimplified.provider.MixedTextItemProvider
>>  Generating /at.ac.tuwien.big.xmltext.edit/src/simpleanySimplified/provider/MixedTextItemProvider.java
>>  Opening folder /at.ac.tuwien.big.xmltext.edit/src/simpleanySimplified/provider
>>  Examining old /at.ac.tuwien.big.xmltext.edit/src/simpleanySimplified/provider/MixedTextItemProvider.java
>>  Preparing new /at.ac.tuwien.big.xmltext.edit/src/simpleanySimplified/provider/MixedTextItemProvider.java
>>  Generating item icon /at.ac.tuwien.big.xmltext.edit/icons/full/obj16/MixedText.gif
>>  Generating image /at.ac.tuwien.big.xmltext.edit/icons/full/obj16/MixedText.gif
>>  Opening folder /at.ac.tuwien.big.xmltext.edit/icons/full/obj16
>>  Generating provider Mixed Feature
>>  Creating EMF project at.ac.tuwien.big.xmltext.edit (at.ac.tuwien.big.xmltext.edit)
>>  Opening 'at.ac.tuwien.big.xmltext.edit'.
#>  The user operation is waiting for "Building workspace" to complete.
=>  The user operation is waiting for "Building workspace" to complete.
>>  Generating Java class simpleanySimplified.provider.MixedFeatureItemProvider
>>  Generating /at.ac.tuwien.big.xmltext.edit/src/simpleanySimplified/provider/MixedFeatureItemProvider.java
>>  Opening folder /at.ac.tuwien.big.xmltext.edit/src/simpleanySimplified/provider
>>  Preparing new /at.ac.tuwien.big.xmltext.edit/src/simpleanySimplified/provider/MixedFeatureItemProvider.java
>>  Generating item icon /at.ac.tuwien.big.xmltext.edit/icons/full/obj16/MixedFeature.gif
>>  Generating image /at.ac.tuwien.big.xmltext.edit/icons/full/obj16/MixedFeature.gif
>>  Opening folder /at.ac.tuwien.big.xmltext.edit/icons/full/obj16
>>  Generating provider Mixed Feature
>>  Creating EMF project at.ac.tuwien.big.xmltext.edit (at.ac.tuwien.big.xmltext.edit)
>>  Opening 'at.ac.tuwien.big.xmltext.edit'.
>>  Generating Java class simpleanySimplified.provider.MixedFeatureItemProvider
>>  Generating /at.ac.tuwien.big.xmltext.edit/src/simpleanySimplified/provider/MixedFeatureItemProvider.java
>>  Opening folder /at.ac.tuwien.big.xmltext.edit/src/simpleanySimplified/provider
>>  Examining old /at.ac.tuwien.big.xmltext.edit/src/simpleanySimplified/provider/MixedFeatureItemProvider.java
>>  Preparing new /at.ac.tuwien.big.xmltext.edit/src/simpleanySimplified/provider/MixedFeatureItemProvider.java
>>  Generating item icon /at.ac.tuwien.big.xmltext.edit/icons/full/obj16/MixedFeature.gif
>>  Generating image /at.ac.tuwien.big.xmltext.edit/icons/full/obj16/MixedFeature.gif
>>  Opening folder /at.ac.tuwien.big.xmltext.edit/icons/full/obj16
>>  Generating provider Mixed Base Class
>>  Creating EMF project at.ac.tuwien.big.xmltext.edit (at.ac.tuwien.big.xmltext.edit)
>>  Opening 'at.ac.tuwien.big.xmltext.edit'.
>>  Generating Java class simpleanySimplified.provider.MixedBaseClassItemProvider
>>  Generating /at.ac.tuwien.big.xmltext.edit/src/simpleanySimplified/provider/MixedBaseClassItemProvider.java
>>  Opening folder /at.ac.tuwien.big.xmltext.edit/src/simpleanySimplified/provider
>>  Preparing new /at.ac.tuwien.big.xmltext.edit/src/simpleanySimplified/provider/MixedBaseClassItemProvider.java
>>  Generating create child icon /at.ac.tuwien.big.xmltext.edit/icons/full/ctool16/CreateMixedBaseClass_mixed_MixedText.gif
>>  Generating image /at.ac.tuwien.big.xmltext.edit/icons/full/ctool16/CreateMixedBaseClass_mixed_MixedText.gif
>>  Opening folder /at.ac.tuwien.big.xmltext.edit/icons/full/ctool16
>>  Generating create child icon /at.ac.tuwien.big.xmltext.edit/icons/full/ctool16/CreateMixedBaseClass_mixed_MixedFeature.gif
>>  Generating image /at.ac.tuwien.big.xmltext.edit/icons/full/ctool16/CreateMixedBaseClass_mixed_MixedFeature.gif
>>  Opening folder /at.ac.tuwien.big.xmltext.edit/icons/full/ctool16
>>  Generating provider Mixed Base Class
>>  Creating EMF project at.ac.tuwien.big.xmltext.edit (at.ac.tuwien.big.xmltext.edit)
>>  Opening 'at.ac.tuwien.big.xmltext.edit'.
>>  Generating Java class simpleanySimplified.provider.MixedBaseClassItemProvider
>>  Generating /at.ac.tuwien.big.xmltext.edit/src/simpleanySimplified/provider/MixedBaseClassItemProvider.java
>>  Opening folder /at.ac.tuwien.big.xmltext.edit/src/simpleanySimplified/provider
>>  Examining old /at.ac.tuwien.big.xmltext.edit/src/simpleanySimplified/provider/MixedBaseClassItemProvider.java
>>  Preparing new /at.ac.tuwien.big.xmltext.edit/src/simpleanySimplified/provider/MixedBaseClassItemProvider.java
>>  Generating create child icon /at.ac.tuwien.big.xmltext.edit/icons/full/ctool16/CreateMixedBaseClass_mixed_MixedText.gif
>>  Generating image /at.ac.tuwien.big.xmltext.edit/icons/full/ctool16/CreateMixedBaseClass_mixed_MixedText.gif
>>  Opening folder /at.ac.tuwien.big.xmltext.edit/icons/full/ctool16
>>  Generating create child icon /at.ac.tuwien.big.xmltext.edit/icons/full/ctool16/CreateMixedBaseClass_mixed_MixedFeature.gif
>>  Generating image /at.ac.tuwien.big.xmltext.edit/icons/full/ctool16/CreateMixedBaseClass_mixed_MixedFeature.gif
>>  Opening folder /at.ac.tuwien.big.xmltext.edit/icons/full/ctool16
>>  Generating code
>>  Generating editor packages
>>  Creating EMF project at.ac.tuwien.big.xmltext.editor (at.ac.tuwien.big.xmltext.editor)
>>  Opening 'at.ac.tuwien.big.xmltext.editor'.
#>  The user operation is waiting for background work to complete.
=>  The user operation is waiting for background work to complete.
>>  Refreshing '/at.ac.tuwien.big.xmltext.editor'.
>>  Generating Java class simpleanySimplified.presentation.simpleanySimplifiedEditorPlugin
>>  Generating /at.ac.tuwien.big.xmltext.editor/src/simpleanySimplified/presentation/simpleanySimplifiedEditorPlugin.java
>>  Opening folder /at.ac.tuwien.big.xmltext.editor/src/simpleanySimplified/presentation
>>  Preparing new /at.ac.tuwien.big.xmltext.editor/src/simpleanySimplified/presentation/simpleanySimplifiedEditorPlugin.java
>>  Generating editor plugin.properties
>>  Generating file /at.ac.tuwien.big.xmltext.editor/plugin.properties
>>  Opening folder /at.ac.tuwien.big.xmltext.editor
>>  Generating editor build.properties
>>  Generating file /at.ac.tuwien.big.xmltext.editor/build.properties
>>  Opening folder /at.ac.tuwien.big.xmltext.editor
>>  Generating editor META-INF/MANIFEST.MF
>>  Generating file /at.ac.tuwien.big.xmltext.editor/META-INF/MANIFEST.MF
>>  Opening folder /at.ac.tuwien.big.xmltext.editor/META-INF
>>  Generating editor plugin.xml
>>  Generating file /at.ac.tuwien.big.xmltext.editor/plugin.xml
>>  Opening folder /at.ac.tuwien.big.xmltext.editor
>>  Generating editor packages
>>  Creating EMF project at.ac.tuwien.big.xmltext.editor (at.ac.tuwien.big.xmltext.editor)
>>  Opening 'at.ac.tuwien.big.xmltext.editor'.
>>  Generating Java class simpleanySimplified.presentation.simpleanySimplifiedEditorPlugin
>>  Generating /at.ac.tuwien.big.xmltext.editor/src/simpleanySimplified/presentation/simpleanySimplifiedEditorPlugin.java
>>  Opening folder /at.ac.tuwien.big.xmltext.editor/src/simpleanySimplified/presentation
>>  Examining old /at.ac.tuwien.big.xmltext.editor/src/simpleanySimplified/presentation/simpleanySimplifiedEditorPlugin.java
>>  Preparing new /at.ac.tuwien.big.xmltext.editor/src/simpleanySimplified/presentation/simpleanySimplifiedEditorPlugin.java
>>  Generating editor plugin.properties
>>  Generating file /at.ac.tuwien.big.xmltext.editor/plugin.properties
>>  Opening folder /at.ac.tuwien.big.xmltext.editor
>>  Examining old /at.ac.tuwien.big.xmltext.editor/plugin.properties
>>  Preparing new /at.ac.tuwien.big.xmltext.editor/plugin.properties
>>  Generating editor build.properties
>>  Generating file /at.ac.tuwien.big.xmltext.editor/build.properties
>>  Opening folder /at.ac.tuwien.big.xmltext.editor
>>  Generating editor META-INF/MANIFEST.MF
>>  Generating file /at.ac.tuwien.big.xmltext.editor/META-INF/MANIFEST.MF
>>  Opening folder /at.ac.tuwien.big.xmltext.editor/META-INF
>>  Examining old /at.ac.tuwien.big.xmltext.editor/META-INF/MANIFEST.MF
>>  Generating editor plugin.xml
>>  Generating file /at.ac.tuwien.big.xmltext.editor/plugin.xml
>>  Opening folder /at.ac.tuwien.big.xmltext.editor
>>  Examining old /at.ac.tuwien.big.xmltext.editor/plugin.xml
>>  Generating editor for package simpleanySimplifiedPackage
>>  Creating EMF project at.ac.tuwien.big.xmltext.editor (at.ac.tuwien.big.xmltext.editor)
>>  Opening 'at.ac.tuwien.big.xmltext.editor'.
>>  Generating Java class simpleanySimplified.presentation.simpleanySimplifiedEditor
>>  Generating /at.ac.tuwien.big.xmltext.editor/src/simpleanySimplified/presentation/simpleanySimplifiedEditor.java
>>  Opening folder /at.ac.tuwien.big.xmltext.editor/src/simpleanySimplified/presentation
>>  Preparing new /at.ac.tuwien.big.xmltext.editor/src/simpleanySimplified/presentation/simpleanySimplifiedEditor.java
>>  Generating Java class simpleanySimplified.presentation.simpleanySimplifiedModelWizard
>>  Generating /at.ac.tuwien.big.xmltext.editor/src/simpleanySimplified/presentation/simpleanySimplifiedModelWizard.java
>>  Opening folder /at.ac.tuwien.big.xmltext.editor/src/simpleanySimplified/presentation
>>  Preparing new /at.ac.tuwien.big.xmltext.editor/src/simpleanySimplified/presentation/simpleanySimplifiedModelWizard.java
>>  Generating Java class simpleanySimplified.presentation.simpleanySimplifiedActionBarContributor
>>  Generating /at.ac.tuwien.big.xmltext.editor/src/simpleanySimplified/presentation/simpleanySimplifiedActionBarContributor.java
>>  Opening folder /at.ac.tuwien.big.xmltext.editor/src/simpleanySimplified/presentation
>>  Preparing new /at.ac.tuwien.big.xmltext.editor/src/simpleanySimplified/presentation/simpleanySimplifiedActionBarContributor.java
>>  Generating model icon /at.ac.tuwien.big.xmltext.editor/icons/full/obj16/simpleanySimplifiedModelFile.gif
>>  Generating image /at.ac.tuwien.big.xmltext.editor/icons/full/obj16/simpleanySimplifiedModelFile.gif
>>  Opening folder /at.ac.tuwien.big.xmltext.editor/icons/full/obj16
>>  Generating model wizard icon /at.ac.tuwien.big.xmltext.editor/icons/full/wizban/NewsimpleanySimplified.gif
>>  Generating image /at.ac.tuwien.big.xmltext.editor/icons/full/wizban/NewsimpleanySimplified.gif
>>  Opening folder /at.ac.tuwien.big.xmltext.editor/icons/full/wizban
>>  Generating editor for package simpleanySimplifiedPackage
>>  Creating EMF project at.ac.tuwien.big.xmltext.editor (at.ac.tuwien.big.xmltext.editor)
>>  Opening 'at.ac.tuwien.big.xmltext.editor'.
>>  Generating Java class simpleanySimplified.presentation.simpleanySimplifiedEditor
>>  Generating /at.ac.tuwien.big.xmltext.editor/src/simpleanySimplified/presentation/simpleanySimplifiedEditor.java
>>  Opening folder /at.ac.tuwien.big.xmltext.editor/src/simpleanySimplified/presentation
>>  Examining old /at.ac.tuwien.big.xmltext.editor/src/simpleanySimplified/presentation/simpleanySimplifiedEditor.java
>>  Preparing new /at.ac.tuwien.big.xmltext.editor/src/simpleanySimplified/presentation/simpleanySimplifiedEditor.java
>>  Generating Java class simpleanySimplified.presentation.simpleanySimplifiedModelWizard
>>  Generating /at.ac.tuwien.big.xmltext.editor/src/simpleanySimplified/presentation/simpleanySimplifiedModelWizard.java
>>  Opening folder /at.ac.tuwien.big.xmltext.editor/src/simpleanySimplified/presentation
>>  Examining old /at.ac.tuwien.big.xmltext.editor/src/simpleanySimplified/presentation/simpleanySimplifiedModelWizard.java
>>  Preparing new /at.ac.tuwien.big.xmltext.editor/src/simpleanySimplified/presentation/simpleanySimplifiedModelWizard.java
>>  Generating Java class simpleanySimplified.presentation.simpleanySimplifiedActionBarContributor
>>  Generating /at.ac.tuwien.big.xmltext.editor/src/simpleanySimplified/presentation/simpleanySimplifiedActionBarContributor.java
>>  Opening folder /at.ac.tuwien.big.xmltext.editor/src/simpleanySimplified/presentation
>>  Examining old /at.ac.tuwien.big.xmltext.editor/src/simpleanySimplified/presentation/simpleanySimplifiedActionBarContributor.java
>>  Preparing new /at.ac.tuwien.big.xmltext.editor/src/simpleanySimplified/presentation/simpleanySimplifiedActionBarContributor.java
>>  Generating model icon /at.ac.tuwien.big.xmltext.editor/icons/full/obj16/simpleanySimplifiedModelFile.gif
>>  Generating image /at.ac.tuwien.big.xmltext.editor/icons/full/obj16/simpleanySimplifiedModelFile.gif
>>  Opening folder /at.ac.tuwien.big.xmltext.editor/icons/full/obj16
>>  Generating model wizard icon /at.ac.tuwien.big.xmltext.editor/icons/full/wizban/NewsimpleanySimplified.gif
>>  Generating image /at.ac.tuwien.big.xmltext.editor/icons/full/wizban/NewsimpleanySimplified.gif
>>  Opening folder /at.ac.tuwien.big.xmltext.editor/icons/full/wizban
>>  Generating code
>>  Generating test packages
>>  Creating EMF project at.ac.tuwien.big.xmltext.tests (at.ac.tuwien.big.xmltext.tests)
>>  Opening 'at.ac.tuwien.big.xmltext.tests'.
#>  The user operation is waiting for background work to complete.
=>  The user operation is waiting for background work to complete.
>>  Refreshing '/at.ac.tuwien.big.xmltext.tests'.
>>  Generating Java class simpleanySimplified.tests.simpleanySimplifiedAllTests
>>  Generating /at.ac.tuwien.big.xmltext.tests/src/simpleanySimplified/tests/simpleanySimplifiedAllTests.java
>>  Opening folder /at.ac.tuwien.big.xmltext.tests/src/simpleanySimplified/tests
>>  Preparing new /at.ac.tuwien.big.xmltext.tests/src/simpleanySimplified/tests/simpleanySimplifiedAllTests.java
>>  Generating tests plugin.properties
>>  Generating file /at.ac.tuwien.big.xmltext.tests/plugin.properties
>>  Opening folder /at.ac.tuwien.big.xmltext.tests
>>  Generating tests build.properties
>>  Generating file /at.ac.tuwien.big.xmltext.tests/build.properties
>>  Opening folder /at.ac.tuwien.big.xmltext.tests
>>  Generating tests META-INF/MANIFEST.MF
>>  Generating file /at.ac.tuwien.big.xmltext.tests/META-INF/MANIFEST.MF
>>  Opening folder /at.ac.tuwien.big.xmltext.tests/META-INF
>>  Generating test packages
>>  Creating EMF project at.ac.tuwien.big.xmltext.tests (at.ac.tuwien.big.xmltext.tests)
>>  Opening 'at.ac.tuwien.big.xmltext.tests'.
#>  The user operation is waiting for "Building workspace" to complete.
=>  The user operation is waiting for "Building workspace" to complete.
>>  Generating Java class simpleanySimplified.tests.simpleanySimplifiedAllTests
>>  Generating /at.ac.tuwien.big.xmltext.tests/src/simpleanySimplified/tests/simpleanySimplifiedAllTests.java
>>  Opening folder /at.ac.tuwien.big.xmltext.tests/src/simpleanySimplified/tests
>>  Examining old /at.ac.tuwien.big.xmltext.tests/src/simpleanySimplified/tests/simpleanySimplifiedAllTests.java
>>  Preparing new /at.ac.tuwien.big.xmltext.tests/src/simpleanySimplified/tests/simpleanySimplifiedAllTests.java
>>  Generating tests plugin.properties
>>  Generating file /at.ac.tuwien.big.xmltext.tests/plugin.properties
>>  Opening folder /at.ac.tuwien.big.xmltext.tests
>>  Examining old /at.ac.tuwien.big.xmltext.tests/plugin.properties
>>  Preparing new /at.ac.tuwien.big.xmltext.tests/plugin.properties
>>  Generating tests build.properties
>>  Generating file /at.ac.tuwien.big.xmltext.tests/build.properties
>>  Opening folder /at.ac.tuwien.big.xmltext.tests
>>  Generating tests META-INF/MANIFEST.MF
>>  Generating file /at.ac.tuwien.big.xmltext.tests/META-INF/MANIFEST.MF
>>  Opening folder /at.ac.tuwien.big.xmltext.tests/META-INF
>>  Examining old /at.ac.tuwien.big.xmltext.tests/META-INF/MANIFEST.MF
>>  Generating tests for package simpleanySimplifiedPackage
>>  Creating EMF project at.ac.tuwien.big.xmltext.tests (at.ac.tuwien.big.xmltext.tests)
>>  Opening 'at.ac.tuwien.big.xmltext.tests'.
>>  Generating Java class simpleanySimplified.tests.simpleanySimplifiedTests
>>  Generating /at.ac.tuwien.big.xmltext.tests/src/simpleanySimplified/tests/simpleanySimplifiedTests.java
>>  Opening folder /at.ac.tuwien.big.xmltext.tests/src/simpleanySimplified/tests
>>  Preparing new /at.ac.tuwien.big.xmltext.tests/src/simpleanySimplified/tests/simpleanySimplifiedTests.java
>>  Generating Java class simpleanySimplified.tests.simpleanySimplifiedExample
>>  Generating /at.ac.tuwien.big.xmltext.tests/src/simpleanySimplified/tests/simpleanySimplifiedExample.java
>>  Opening folder /at.ac.tuwien.big.xmltext.tests/src/simpleanySimplified/tests
>>  Preparing new /at.ac.tuwien.big.xmltext.tests/src/simpleanySimplified/tests/simpleanySimplifiedExample.java
>>  Generating tests for package simpleanySimplifiedPackage
>>  Creating EMF project at.ac.tuwien.big.xmltext.tests (at.ac.tuwien.big.xmltext.tests)
>>  Opening 'at.ac.tuwien.big.xmltext.tests'.
>>  Generating Java class simpleanySimplified.tests.simpleanySimplifiedTests
>>  Generating /at.ac.tuwien.big.xmltext.tests/src/simpleanySimplified/tests/simpleanySimplifiedTests.java
>>  Opening folder /at.ac.tuwien.big.xmltext.tests/src/simpleanySimplified/tests
>>  Examining old /at.ac.tuwien.big.xmltext.tests/src/simpleanySimplified/tests/simpleanySimplifiedTests.java
>>  Preparing new /at.ac.tuwien.big.xmltext.tests/src/simpleanySimplified/tests/simpleanySimplifiedTests.java
>>  Generating Java class simpleanySimplified.tests.simpleanySimplifiedExample
>>  Generating /at.ac.tuwien.big.xmltext.tests/src/simpleanySimplified/tests/simpleanySimplifiedExample.java
>>  Opening folder /at.ac.tuwien.big.xmltext.tests/src/simpleanySimplified/tests
>>  Examining old /at.ac.tuwien.big.xmltext.tests/src/simpleanySimplified/tests/simpleanySimplifiedExample.java
>>  Preparing new /at.ac.tuwien.big.xmltext.tests/src/simpleanySimplified/tests/simpleanySimplifiedExample.java
>>  Generating test case for Book
>>  Creating EMF project at.ac.tuwien.big.xmltext.tests (at.ac.tuwien.big.xmltext.tests)
>>  Opening 'at.ac.tuwien.big.xmltext.tests'.
>>  Generating Java class simpleanySimplified.tests.BookTest
>>  Generating /at.ac.tuwien.big.xmltext.tests/src/simpleanySimplified/tests/BookTest.java
>>  Opening folder /at.ac.tuwien.big.xmltext.tests/src/simpleanySimplified/tests
>>  Preparing new /at.ac.tuwien.big.xmltext.tests/src/simpleanySimplified/tests/BookTest.java
>>  Generating test case for Book
>>  Creating EMF project at.ac.tuwien.big.xmltext.tests (at.ac.tuwien.big.xmltext.tests)
>>  Opening 'at.ac.tuwien.big.xmltext.tests'.
>>  Generating Java class simpleanySimplified.tests.BookTest
>>  Generating /at.ac.tuwien.big.xmltext.tests/src/simpleanySimplified/tests/BookTest.java
>>  Opening folder /at.ac.tuwien.big.xmltext.tests/src/simpleanySimplified/tests
>>  Examining old /at.ac.tuwien.big.xmltext.tests/src/simpleanySimplified/tests/BookTest.java
>>  Preparing new /at.ac.tuwien.big.xmltext.tests/src/simpleanySimplified/tests/BookTest.java
>>  Generating test case for Description
>>  Creating EMF project at.ac.tuwien.big.xmltext.tests (at.ac.tuwien.big.xmltext.tests)
>>  Opening 'at.ac.tuwien.big.xmltext.tests'.
>>  Generating Java class simpleanySimplified.tests.DescriptionTest
>>  Generating /at.ac.tuwien.big.xmltext.tests/src/simpleanySimplified/tests/DescriptionTest.java
>>  Opening folder /at.ac.tuwien.big.xmltext.tests/src/simpleanySimplified/tests
>>  Preparing new /at.ac.tuwien.big.xmltext.tests/src/simpleanySimplified/tests/DescriptionTest.java
>>  Generating test case for Description
>>  Creating EMF project at.ac.tuwien.big.xmltext.tests (at.ac.tuwien.big.xmltext.tests)
>>  Opening 'at.ac.tuwien.big.xmltext.tests'.
>>  Generating Java class simpleanySimplified.tests.DescriptionTest
>>  Generating /at.ac.tuwien.big.xmltext.tests/src/simpleanySimplified/tests/DescriptionTest.java
>>  Opening folder /at.ac.tuwien.big.xmltext.tests/src/simpleanySimplified/tests
>>  Examining old /at.ac.tuwien.big.xmltext.tests/src/simpleanySimplified/tests/DescriptionTest.java
>>  Preparing new /at.ac.tuwien.big.xmltext.tests/src/simpleanySimplified/tests/DescriptionTest.java
>>  Generating test case for Library
>>  Creating EMF project at.ac.tuwien.big.xmltext.tests (at.ac.tuwien.big.xmltext.tests)
>>  Opening 'at.ac.tuwien.big.xmltext.tests'.
>>  Generating Java class simpleanySimplified.tests.LibraryTest
>>  Generating /at.ac.tuwien.big.xmltext.tests/src/simpleanySimplified/tests/LibraryTest.java
>>  Opening folder /at.ac.tuwien.big.xmltext.tests/src/simpleanySimplified/tests
>>  Preparing new /at.ac.tuwien.big.xmltext.tests/src/simpleanySimplified/tests/LibraryTest.java
>>  Generating test case for Library
>>  Creating EMF project at.ac.tuwien.big.xmltext.tests (at.ac.tuwien.big.xmltext.tests)
>>  Opening 'at.ac.tuwien.big.xmltext.tests'.
>>  Generating Java class simpleanySimplified.tests.LibraryTest
>>  Generating /at.ac.tuwien.big.xmltext.tests/src/simpleanySimplified/tests/LibraryTest.java
>>  Opening folder /at.ac.tuwien.big.xmltext.tests/src/simpleanySimplified/tests
>>  Examining old /at.ac.tuwien.big.xmltext.tests/src/simpleanySimplified/tests/LibraryTest.java
>>  Preparing new /at.ac.tuwien.big.xmltext.tests/src/simpleanySimplified/tests/LibraryTest.java
>>  Generating test case for Mixed Data
>>  Creating EMF project at.ac.tuwien.big.xmltext.tests (at.ac.tuwien.big.xmltext.tests)
>>  Opening 'at.ac.tuwien.big.xmltext.tests'.
>>  Generating Java class simpleanySimplified.tests.MixedDataTest
>>  Generating /at.ac.tuwien.big.xmltext.tests/src/simpleanySimplified/tests/MixedDataTest.java
>>  Opening folder /at.ac.tuwien.big.xmltext.tests/src/simpleanySimplified/tests
>>  Preparing new /at.ac.tuwien.big.xmltext.tests/src/simpleanySimplified/tests/MixedDataTest.java
>>  Generating test case for Mixed Data
>>  Creating EMF project at.ac.tuwien.big.xmltext.tests (at.ac.tuwien.big.xmltext.tests)
>>  Opening 'at.ac.tuwien.big.xmltext.tests'.
>>  Generating Java class simpleanySimplified.tests.MixedDataTest
>>  Generating /at.ac.tuwien.big.xmltext.tests/src/simpleanySimplified/tests/MixedDataTest.java
>>  Opening folder /at.ac.tuwien.big.xmltext.tests/src/simpleanySimplified/tests
>>  Examining old /at.ac.tuwien.big.xmltext.tests/src/simpleanySimplified/tests/MixedDataTest.java
>>  Preparing new /at.ac.tuwien.big.xmltext.tests/src/simpleanySimplified/tests/MixedDataTest.java
>>  Generating test case for Mixed Text
>>  Creating EMF project at.ac.tuwien.big.xmltext.tests (at.ac.tuwien.big.xmltext.tests)
>>  Opening 'at.ac.tuwien.big.xmltext.tests'.
>>  Generating Java class simpleanySimplified.tests.MixedTextTest
>>  Generating /at.ac.tuwien.big.xmltext.tests/src/simpleanySimplified/tests/MixedTextTest.java
>>  Opening folder /at.ac.tuwien.big.xmltext.tests/src/simpleanySimplified/tests
>>  Preparing new /at.ac.tuwien.big.xmltext.tests/src/simpleanySimplified/tests/MixedTextTest.java
>>  Generating test case for Mixed Text
>>  Creating EMF project at.ac.tuwien.big.xmltext.tests (at.ac.tuwien.big.xmltext.tests)
>>  Opening 'at.ac.tuwien.big.xmltext.tests'.
>>  Generating Java class simpleanySimplified.tests.MixedTextTest
>>  Generating /at.ac.tuwien.big.xmltext.tests/src/simpleanySimplified/tests/MixedTextTest.java
>>  Opening folder /at.ac.tuwien.big.xmltext.tests/src/simpleanySimplified/tests
>>  Examining old /at.ac.tuwien.big.xmltext.tests/src/simpleanySimplified/tests/MixedTextTest.java
>>  Preparing new /at.ac.tuwien.big.xmltext.tests/src/simpleanySimplified/tests/MixedTextTest.java
>>  Generating test case for Mixed Feature
>>  Creating EMF project at.ac.tuwien.big.xmltext.tests (at.ac.tuwien.big.xmltext.tests)
>>  Opening 'at.ac.tuwien.big.xmltext.tests'.
>>  Generating Java class simpleanySimplified.tests.MixedFeatureTest
>>  Generating /at.ac.tuwien.big.xmltext.tests/src/simpleanySimplified/tests/MixedFeatureTest.java
>>  Opening folder /at.ac.tuwien.big.xmltext.tests/src/simpleanySimplified/tests
>>  Preparing new /at.ac.tuwien.big.xmltext.tests/src/simpleanySimplified/tests/MixedFeatureTest.java
>>  Generating test case for Mixed Feature
>>  Creating EMF project at.ac.tuwien.big.xmltext.tests (at.ac.tuwien.big.xmltext.tests)
>>  Opening 'at.ac.tuwien.big.xmltext.tests'.
>>  Generating Java class simpleanySimplified.tests.MixedFeatureTest
>>  Generating /at.ac.tuwien.big.xmltext.tests/src/simpleanySimplified/tests/MixedFeatureTest.java
>>  Opening folder /at.ac.tuwien.big.xmltext.tests/src/simpleanySimplified/tests
>>  Examining old /at.ac.tuwien.big.xmltext.tests/src/simpleanySimplified/tests/MixedFeatureTest.java
>>  Preparing new /at.ac.tuwien.big.xmltext.tests/src/simpleanySimplified/tests/MixedFeatureTest.java
>>  Generating test case for Mixed Base Class
>>  Creating EMF project at.ac.tuwien.big.xmltext.tests (at.ac.tuwien.big.xmltext.tests)
>>  Opening 'at.ac.tuwien.big.xmltext.tests'.
>>  Generating Java class simpleanySimplified.tests.MixedBaseClassTest
>>  Generating /at.ac.tuwien.big.xmltext.tests/src/simpleanySimplified/tests/MixedBaseClassTest.java
>>  Opening folder /at.ac.tuwien.big.xmltext.tests/src/simpleanySimplified/tests
>>  Preparing new /at.ac.tuwien.big.xmltext.tests/src/simpleanySimplified/tests/MixedBaseClassTest.java
>>  Generating test case for Mixed Base Class
>>  Creating EMF project at.ac.tuwien.big.xmltext.tests (at.ac.tuwien.big.xmltext.tests)
>>  Opening 'at.ac.tuwien.big.xmltext.tests'.
>>  Generating Java class simpleanySimplified.tests.MixedBaseClassTest
>>  Generating /at.ac.tuwien.big.xmltext.tests/src/simpleanySimplified/tests/MixedBaseClassTest.java
>>  Opening folder /at.ac.tuwien.big.xmltext.tests/src/simpleanySimplified/tests
>>  Examining old /at.ac.tuwien.big.xmltext.tests/src/simpleanySimplified/tests/MixedBaseClassTest.java
>>  Preparing new /at.ac.tuwien.big.xmltext.tests/src/simpleanySimplified/tests/MixedBaseClassTest.java
