#
# There is insufficient memory for the Java Runtime Environment to continue.
# Native memory allocation (malloc) failed to allocate 32784 bytes for Chunk::new
# Possible reasons:
#   The system is out of physical RAM or swap space
#   In 32 bit mode, the process size limit was hit
# Possible solutions:
#   Reduce memory load on the system
#   Increase physical memory or swap space
#   Check if swap backing store is full
#   Use 64 bit Java on a 64 bit OS
#   Decrease Java heap size (-Xmx/-Xms)
#   Decrease number of Java threads
#   Decrease Java thread stack sizes (-Xss)
#   Set larger code cache with -XX:ReservedCodeCacheSize=
# This output file may be truncated or incomplete.
#
#  Out of Memory Error (allocation.cpp:390), pid=9416, tid=0x00000000000027e8
#
# JRE version: Java(TM) SE Runtime Environment (8.0_131-b11) (build 1.8.0_131-b11)
# Java VM: Java HotSpot(TM) 64-Bit Server VM (25.131-b11 mixed mode windows-amd64 compressed oops)
# Failed to write core dump. Minidumps are not enabled by default on client versions of Windows
#

---------------  T H R E A D  ---------------

Current thread (0x0000000019a07800):  JavaThread "C2 CompilerThread1" daemon [_thread_in_native, id=10216, stack(0x000000001b170000,0x000000001b270000)]

Stack: [0x000000001b170000,0x000000001b270000]
[error occurred during error reporting (printing stack bounds), id 0xc0000005]

Native frames: (J=compiled Java code, j=interpreted, Vv=VM code, C=native code)


Current CompileTask:
C2:  17829 4092       4       org.eclipse.jdt.internal.compiler.parser.Parser::consumeToken (1989 bytes)


---------------  P R O C E S S  ---------------

Java Threads: ( => current thread )
  0x000000001c675000 JavaThread "EMF Reference Cleaner" daemon [_thread_blocked, id=4884, stack(0x000000001d240000,0x000000001d340000)]
  0x000000001bc93000 JavaThread "ReaderThread" [_thread_in_native, id=5880, stack(0x000000001c170000,0x000000001c270000)]
  0x0000000019a4e800 JavaThread "Service Thread" daemon [_thread_blocked, id=5308, stack(0x000000001b770000,0x000000001b870000)]
  0x0000000019a06800 JavaThread "C1 CompilerThread2" daemon [_thread_blocked, id=8592, stack(0x000000001b270000,0x000000001b370000)]
=>0x0000000019a07800 JavaThread "C2 CompilerThread1" daemon [_thread_in_native, id=10216, stack(0x000000001b170000,0x000000001b270000)]
  0x00000000199fb000 JavaThread "C2 CompilerThread0" daemon [_thread_in_native, id=8000, stack(0x000000001b070000,0x000000001b170000)]
  0x00000000199f9800 JavaThread "Attach Listener" daemon [_thread_blocked, id=4460, stack(0x000000001af70000,0x000000001b070000)]
  0x00000000199f8800 JavaThread "Signal Dispatcher" daemon [_thread_blocked, id=3444, stack(0x000000001ae70000,0x000000001af70000)]
  0x00000000199e0000 JavaThread "Finalizer" daemon [_thread_blocked, id=10312, stack(0x000000001ac60000,0x000000001ad60000)]
  0x0000000002b29800 JavaThread "Reference Handler" daemon [_thread_blocked, id=10320, stack(0x000000001ab60000,0x000000001ac60000)]
  0x0000000002a3a800 JavaThread "main" [_thread_in_vm, id=3480, stack(0x0000000002930000,0x0000000002a30000)]

Other Threads:
  0x00000000199b8000 VMThread [stack: 0x000000001aa60000,0x000000001ab60000] [id=3148]
  0x000000001b40c000 WatcherThread [stack: 0x000000001b870000,0x000000001b970000] [id=9088]

VM state:not at safepoint (normal execution)

VM Mutex/Monitor currently owned by a thread: None

Heap:
 PSYoungGen      total 86016K, used 14516K [0x0000000781900000, 0x0000000789d80000, 0x00000007c0000000)
  eden space 68096K, 14% used [0x0000000781900000,0x00000007822640c8,0x0000000785b80000)
  from space 17920K, 27% used [0x0000000785b80000,0x0000000786048f88,0x0000000786d00000)
  to   space 17920K, 0% used [0x0000000788c00000,0x0000000788c00000,0x0000000789d80000)
 ParOldGen       total 101888K, used 17125K [0x0000000704a00000, 0x000000070ad80000, 0x0000000781900000)
  object space 101888K, 16% used [0x0000000704a00000,0x0000000705ab9750,0x000000070ad80000)
 Metaspace       used 28260K, capacity 28462K, committed 28800K, reserved 1075200K
  class space    used 2840K, capacity 2894K, committed 2944K, reserved 1048576K

Card table byte_map: [0x0000000011ef0000,0x00000000124d0000] byte_map_base: 0x000000000e6cb000

Marking Bits: (ParMarkBitMap*) 0x000000006198c720
 Begin Bits: [0x0000000012cc0000, 0x0000000015b98000)
 End Bits:   [0x0000000015b98000, 0x0000000018a70000)

Polling page: 0x0000000000ae0000

CodeCache: size=245760Kb used=13600Kb max_used=13765Kb free=232159Kb
 bounds [0x0000000002b30000, 0x00000000038b0000, 0x0000000011b30000]
 total_blobs=4130 nmethods=3668 adapters=371
 compilation: enabled

Compilation events (10 events):
Event: 17.801 Thread 0x0000000019a06800 4175       2       sun.security.x509.X509CertImpl::getSerialNumber (18 bytes)
Event: 17.802 Thread 0x0000000019a06800 nmethod 4175 0x0000000003000a10 code [0x0000000003000b80, 0x0000000003000da8]
Event: 17.803 Thread 0x0000000019a06800 4176       1       sun.security.pkcs.PKCS7::getContentInfo (5 bytes)
Event: 17.803 Thread 0x0000000019a06800 nmethod 4176 0x0000000002e5c7d0 code [0x0000000002e5c920, 0x0000000002e5ca30]
Event: 17.803 Thread 0x0000000019a06800 4177       1       java.security.Provider$Service::getClassName (5 bytes)
Event: 17.803 Thread 0x0000000019a06800 nmethod 4177 0x0000000002e5c450 code [0x0000000002e5c5a0, 0x0000000002e5c6b0]
Event: 17.803 Thread 0x0000000019a06800 4178       2       java.math.MutableBigInteger::getLowestSetBit (74 bytes)
Event: 17.804 Thread 0x0000000019a06800 nmethod 4178 0x00000000038a00d0 code [0x00000000038a0240, 0x00000000038a04c8]
Event: 17.804 Thread 0x0000000019a06800 4179       2       java.lang.Throwable::<init> (34 bytes)
Event: 17.805 Thread 0x0000000019a06800 nmethod 4179 0x0000000002c85050 code [0x0000000002c851c0, 0x0000000002c853c8]

GC Heap History (10 events):
Event: 12.114 GC heap before
{Heap before GC invocations=4 (full 0):
 PSYoungGen      total 56320K, used 19254K [0x0000000781900000, 0x0000000785780000, 0x00000007c0000000)
  eden space 48640K, 23% used [0x0000000781900000,0x0000000782451e70,0x0000000784880000)
  from space 7680K, 99% used [0x0000000784880000,0x0000000784ffb9d8,0x0000000785000000)
  to   space 7680K, 0% used [0x0000000785000000,0x0000000785000000,0x0000000785780000)
 ParOldGen       total 128512K, used 15829K [0x0000000704a00000, 0x000000070c780000, 0x0000000781900000)
  object space 128512K, 12% used [0x0000000704a00000,0x00000007059756a0,0x000000070c780000)
 Metaspace       used 20890K, capacity 21114K, committed 21296K, reserved 1069056K
  class space    used 2336K, capacity 2411K, committed 2432K, reserved 1048576K
Event: 12.131 GC heap after
Heap after GC invocations=4 (full 0):
 PSYoungGen      total 56320K, used 7672K [0x0000000781900000, 0x0000000785780000, 0x00000007c0000000)
  eden space 48640K, 0% used [0x0000000781900000,0x0000000781900000,0x0000000784880000)
  from space 7680K, 99% used [0x0000000785000000,0x000000078577e2f0,0x0000000785780000)
  to   space 7680K, 0% used [0x0000000784880000,0x0000000784880000,0x0000000785000000)
 ParOldGen       total 128512K, used 17242K [0x0000000704a00000, 0x000000070c780000, 0x0000000781900000)
  object space 128512K, 13% used [0x0000000704a00000,0x0000000705ad6900,0x000000070c780000)
 Metaspace       used 20890K, capacity 21114K, committed 21296K, reserved 1069056K
  class space    used 2336K, capacity 2411K, committed 2432K, reserved 1048576K
}
Event: 12.131 GC heap before
{Heap before GC invocations=5 (full 1):
 PSYoungGen      total 56320K, used 7672K [0x0000000781900000, 0x0000000785780000, 0x00000007c0000000)
  eden space 48640K, 0% used [0x0000000781900000,0x0000000781900000,0x0000000784880000)
  from space 7680K, 99% used [0x0000000785000000,0x000000078577e2f0,0x0000000785780000)
  to   space 7680K, 0% used [0x0000000784880000,0x0000000784880000,0x0000000785000000)
 ParOldGen       total 128512K, used 17242K [0x0000000704a00000, 0x000000070c780000, 0x0000000781900000)
  object space 128512K, 13% used [0x0000000704a00000,0x0000000705ad6900,0x000000070c780000)
 Metaspace       used 20890K, capacity 21114K, committed 21296K, reserved 1069056K
  class space    used 2336K, capacity 2411K, committed 2432K, reserved 1048576K
Event: 12.266 GC heap after
Heap after GC invocations=5 (full 1):
 PSYoungGen      total 56320K, used 0K [0x0000000781900000, 0x0000000785780000, 0x00000007c0000000)
  eden space 48640K, 0% used [0x0000000781900000,0x0000000781900000,0x0000000784880000)
  from space 7680K, 0% used [0x0000000785000000,0x0000000785000000,0x0000000785780000)
  to   space 7680K, 0% used [0x0000000784880000,0x0000000784880000,0x0000000785000000)
 ParOldGen       total 101888K, used 17101K [0x0000000704a00000, 0x000000070ad80000, 0x0000000781900000)
  object space 101888K, 16% used [0x0000000704a00000,0x0000000705ab3750,0x000000070ad80000)
 Metaspace       used 20890K, capacity 21114K, committed 21296K, reserved 1069056K
  class space    used 2336K, capacity 2411K, committed 2432K, reserved 1048576K
}
Event: 14.534 GC heap before
{Heap before GC invocations=6 (full 1):
 PSYoungGen      total 56320K, used 48640K [0x0000000781900000, 0x0000000785780000, 0x00000007c0000000)
  eden space 48640K, 100% used [0x0000000781900000,0x0000000784880000,0x0000000784880000)
  from space 7680K, 0% used [0x0000000785000000,0x0000000785000000,0x0000000785780000)
  to   space 7680K, 0% used [0x0000000784880000,0x0000000784880000,0x0000000785000000)
 ParOldGen       total 101888K, used 17101K [0x0000000704a00000, 0x000000070ad80000, 0x0000000781900000)
  object space 101888K, 16% used [0x0000000704a00000,0x0000000705ab3750,0x000000070ad80000)
 Metaspace       used 25435K, capacity 25664K, committed 25856K, reserved 1073152K
  class space    used 2733K, capacity 2796K, committed 2816K, reserved 1048576K
Event: 14.540 GC heap after
Heap after GC invocations=6 (full 1):
 PSYoungGen      total 56320K, used 7147K [0x0000000781900000, 0x0000000787e00000, 0x00000007c0000000)
  eden space 48640K, 0% used [0x0000000781900000,0x0000000781900000,0x0000000784880000)
  from space 7680K, 93% used [0x0000000784880000,0x0000000784f7aff0,0x0000000785000000)
  to   space 17408K, 0% used [0x0000000786d00000,0x0000000786d00000,0x0000000787e00000)
 ParOldGen       total 101888K, used 17109K [0x0000000704a00000, 0x000000070ad80000, 0x0000000781900000)
  object space 101888K, 16% used [0x0000000704a00000,0x0000000705ab5750,0x000000070ad80000)
 Metaspace       used 25435K, capacity 25664K, committed 25856K, reserved 1073152K
  class space    used 2733K, capacity 2796K, committed 2816K, reserved 1048576K
}
Event: 16.132 GC heap before
{Heap before GC invocations=7 (full 1):
 PSYoungGen      total 56320K, used 55787K [0x0000000781900000, 0x0000000787e00000, 0x00000007c0000000)
  eden space 48640K, 100% used [0x0000000781900000,0x0000000784880000,0x0000000784880000)
  from space 7680K, 93% used [0x0000000784880000,0x0000000784f7aff0,0x0000000785000000)
  to   space 17408K, 0% used [0x0000000786d00000,0x0000000786d00000,0x0000000787e00000)
 ParOldGen       total 101888K, used 17109K [0x0000000704a00000, 0x000000070ad80000, 0x0000000781900000)
  object space 101888K, 16% used [0x0000000704a00000,0x0000000705ab5750,0x000000070ad80000)
 Metaspace       used 27237K, capacity 27470K, committed 27776K, reserved 1075200K
  class space    used 2805K, capacity 2862K, committed 2944K, reserved 1048576K
Event: 16.157 GC heap after
Heap after GC invocations=7 (full 1):
 PSYoungGen      total 85504K, used 4182K [0x0000000781900000, 0x0000000788200000, 0x00000007c0000000)
  eden space 68096K, 0% used [0x0000000781900000,0x0000000781900000,0x0000000785b80000)
  from space 17408K, 24% used [0x0000000786d00000,0x0000000787115ad0,0x0000000787e00000)
  to   space 17920K, 0% used [0x0000000785b80000,0x0000000785b80000,0x0000000786d00000)
 ParOldGen       total 101888K, used 17117K [0x0000000704a00000, 0x000000070ad80000, 0x0000000781900000)
  object space 101888K, 16% used [0x0000000704a00000,0x0000000705ab7750,0x000000070ad80000)
 Metaspace       used 27237K, capacity 27470K, committed 27776K, reserved 1075200K
  class space    used 2805K, capacity 2862K, committed 2944K, reserved 1048576K
}
Event: 17.567 GC heap before
{Heap before GC invocations=8 (full 1):
 PSYoungGen      total 85504K, used 72278K [0x0000000781900000, 0x0000000788200000, 0x00000007c0000000)
  eden space 68096K, 100% used [0x0000000781900000,0x0000000785b80000,0x0000000785b80000)
  from space 17408K, 24% used [0x0000000786d00000,0x0000000787115ad0,0x0000000787e00000)
  to   space 17920K, 0% used [0x0000000785b80000,0x0000000785b80000,0x0000000786d00000)
 ParOldGen       total 101888K, used 17117K [0x0000000704a00000, 0x000000070ad80000, 0x0000000781900000)
  object space 101888K, 16% used [0x0000000704a00000,0x0000000705ab7750,0x000000070ad80000)
 Metaspace       used 28121K, capacity 28398K, committed 28800K, reserved 1075200K
  class space    used 2830K, capacity 2894K, committed 2944K, reserved 1048576K
Event: 17.581 GC heap after
Heap after GC invocations=8 (full 1):
 PSYoungGen      total 86016K, used 4899K [0x0000000781900000, 0x0000000789d80000, 0x00000007c0000000)
  eden space 68096K, 0% used [0x0000000781900000,0x0000000781900000,0x0000000785b80000)
  from space 17920K, 27% used [0x0000000785b80000,0x0000000786048f88,0x0000000786d00000)
  to   space 17920K, 0% used [0x0000000788c00000,0x0000000788c00000,0x0000000789d80000)
 ParOldGen       total 101888K, used 17125K [0x0000000704a00000, 0x000000070ad80000, 0x0000000781900000)
  object space 101888K, 16% used [0x0000000704a00000,0x0000000705ab9750,0x000000070ad80000)
 Metaspace       used 28121K, capacity 28398K, committed 28800K, reserved 1075200K
  class space    used 2830K, capacity 2894K, committed 2944K, reserved 1048576K
}

Deoptimization events (10 events):
Event: 16.380 Thread 0x0000000002a3a800 Uncommon trap: reason=unstable_if action=reinterpret pc=0x0000000002fcb870 method=org.eclipse.jdt.internal.compiler.parser.Scanner.getNextToken0()I @ 1656
Event: 16.428 Thread 0x0000000002a3a800 Uncommon trap: reason=unstable_if action=reinterpret pc=0x0000000003636914 method=java.util.regex.Pattern$Ctype.isSatisfiedBy(I)Z @ 4
Event: 16.429 Thread 0x0000000002a3a800 Uncommon trap: reason=unstable_if action=reinterpret pc=0x000000000362730c method=java.util.regex.Pattern$Ctype.isSatisfiedBy(I)Z @ 4
Event: 17.134 Thread 0x0000000002a3a800 Uncommon trap: reason=unstable_if action=reinterpret pc=0x00000000037f06d8 method=java.util.regex.Pattern$Curly.match(Ljava/util/regex/Matcher;ILjava/lang/CharSequence;)Z @ 9
Event: 17.134 Thread 0x0000000002a3a800 Uncommon trap: reason=class_check action=maybe_recompile pc=0x0000000002efeff0 method=java.util.regex.Pattern$Curly.match0(Ljava/util/regex/Matcher;IILjava/lang/CharSequence;)Z @ 31
Event: 17.134 Thread 0x0000000002a3a800 Uncommon trap: reason=class_check action=maybe_recompile pc=0x0000000002efeff0 method=java.util.regex.Pattern$Curly.match0(Ljava/util/regex/Matcher;IILjava/lang/CharSequence;)Z @ 31
Event: 17.135 Thread 0x0000000002a3a800 Uncommon trap: reason=class_check action=maybe_recompile pc=0x0000000002efeff0 method=java.util.regex.Pattern$Curly.match0(Ljava/util/regex/Matcher;IILjava/lang/CharSequence;)Z @ 31
Event: 17.135 Thread 0x0000000002a3a800 Uncommon trap: reason=class_check action=maybe_recompile pc=0x0000000002efeff0 method=java.util.regex.Pattern$Curly.match0(Ljava/util/regex/Matcher;IILjava/lang/CharSequence;)Z @ 31
Event: 17.159 Thread 0x0000000002a3a800 Uncommon trap: reason=unstable_if action=reinterpret pc=0x00000000030918b0 method=org.eclipse.jdt.internal.compiler.parser.Scanner.optimizedCurrentTokenSource5()[C @ 225
Event: 17.218 Thread 0x0000000002a3a800 Uncommon trap: reason=unstable_if action=reinterpret pc=0x00000000034ec020 method=java.lang.String.lastIndexOf([CII[CIII)I @ 17

Internal exceptions (10 events):
Event: 17.688 Thread 0x0000000002a3a800 Exception <a 'java/lang/ArrayIndexOutOfBoundsException'> (0x0000000781c1d500) thrown at [C:\re\workspace\8-2-build-windows-amd64-cygwin\jdk8u131\8869\hotspot\src\share\vm\runtime\sharedRuntime.cpp, line 605]
Event: 17.698 Thread 0x0000000002a3a800 Exception <a 'java/io/FileNotFoundException'> (0x0000000781c454a8) thrown at [C:\re\workspace\8-2-build-windows-amd64-cygwin\jdk8u131\8869\hotspot\src\share\vm\prims\jni.cpp, line 709]
Event: 17.700 Thread 0x0000000002a3a800 Exception <a 'java/lang/ArrayIndexOutOfBoundsException'> (0x0000000781c6c898) thrown at [C:\re\workspace\8-2-build-windows-amd64-cygwin\jdk8u131\8869\hotspot\src\share\vm\runtime\sharedRuntime.cpp, line 605]
Event: 17.702 Thread 0x0000000002a3a800 Exception <a 'java/lang/ArrayIndexOutOfBoundsException'> (0x0000000781cb2fc0) thrown at [C:\re\workspace\8-2-build-windows-amd64-cygwin\jdk8u131\8869\hotspot\src\share\vm\runtime\sharedRuntime.cpp, line 605]
Event: 17.714 Thread 0x0000000002a3a800 Exception <a 'java/io/FileNotFoundException'> (0x0000000781cdb010) thrown at [C:\re\workspace\8-2-build-windows-amd64-cygwin\jdk8u131\8869\hotspot\src\share\vm\prims\jni.cpp, line 709]
Event: 17.716 Thread 0x0000000002a3a800 Exception <a 'java/lang/ArrayIndexOutOfBoundsException'> (0x0000000781d028f8) thrown at [C:\re\workspace\8-2-build-windows-amd64-cygwin\jdk8u131\8869\hotspot\src\share\vm\runtime\sharedRuntime.cpp, line 605]
Event: 17.720 Thread 0x0000000002a3a800 Exception <a 'java/lang/ArrayIndexOutOfBoundsException'> (0x0000000781d49a18) thrown at [C:\re\workspace\8-2-build-windows-amd64-cygwin\jdk8u131\8869\hotspot\src\share\vm\runtime\sharedRuntime.cpp, line 605]
Event: 17.727 Thread 0x0000000002a3a800 Exception <a 'java/io/FileNotFoundException'> (0x0000000781d72128) thrown at [C:\re\workspace\8-2-build-windows-amd64-cygwin\jdk8u131\8869\hotspot\src\share\vm\prims\jni.cpp, line 709]
Event: 17.731 Thread 0x0000000002a3a800 Exception <a 'java/lang/ArrayIndexOutOfBoundsException'> (0x0000000781d99da0) thrown at [C:\re\workspace\8-2-build-windows-amd64-cygwin\jdk8u131\8869\hotspot\src\share\vm\runtime\sharedRuntime.cpp, line 605]
Event: 17.734 Thread 0x0000000002a3a800 Exception <a 'java/lang/ArrayIndexOutOfBoundsException'> (0x0000000781de1270) thrown at [C:\re\workspace\8-2-build-windows-amd64-cygwin\jdk8u131\8869\hotspot\src\share\vm\runtime\sharedRuntime.cpp, line 605]

Events (10 events):
Event: 17.814 loading class org/eclipse/ui/internal/Workbench$21
Event: 17.814 loading class org/eclipse/ui/internal/Workbench$21 done
Event: 17.814 loading class org/eclipse/ui/internal/Workbench$22
Event: 17.814 loading class org/eclipse/ui/internal/Workbench$22 done
Event: 17.815 loading class org/eclipse/ui/internal/Workbench$23
Event: 17.815 loading class org/eclipse/ui/internal/Workbench$23 done
Event: 17.816 loading class org/eclipse/ui/internal/Workbench$24
Event: 17.816 loading class org/eclipse/ui/internal/Workbench$24 done
Event: 17.817 loading class org/eclipse/ui/commands/IWorkbenchCommandSupport
Event: 17.817 loading class org/eclipse/ui/commands/IWorkbenchCommandSupport done


Dynamic libraries:
0x00007ff705de0000 - 0x00007ff705e17000 	C:\Program Files\Java\jdk1.8.0_131\bin\javaw.exe
0x00007ffb69040000 - 0x00007ffb69202000 	C:\WINDOWS\SYSTEM32\ntdll.dll
0x00007ffb68a70000 - 0x00007ffb68b1d000 	C:\WINDOWS\system32\KERNEL32.DLL
0x00007ffb664d0000 - 0x00007ffb666ad000 	C:\WINDOWS\system32\KERNELBASE.dll
0x00007ffb66bf0000 - 0x00007ffb66c96000 	C:\WINDOWS\system32\ADVAPI32.dll
0x00007ffb682b0000 - 0x00007ffb6834d000 	C:\WINDOWS\system32\msvcrt.dll
0x00007ffb68b80000 - 0x00007ffb68bdb000 	C:\WINDOWS\system32\sechost.dll
0x00007ffb66700000 - 0x00007ffb66826000 	C:\WINDOWS\system32\RPCRT4.dll
0x00007ffb68350000 - 0x00007ffb6849e000 	C:\WINDOWS\system32\USER32.dll
0x00007ffb68580000 - 0x00007ffb68704000 	C:\WINDOWS\system32\GDI32.dll
0x00007ffb570a0000 - 0x00007ffb57314000 	C:\WINDOWS\WinSxS\amd64_microsoft.windows.common-controls_6595b64144ccf1df_6.0.10240.17184_none_f41d7a705752bce6\COMCTL32.dll
0x00007ffb688e0000 - 0x00007ffb68916000 	C:\WINDOWS\system32\IMM32.DLL
0x00007ffb68780000 - 0x00007ffb688dc000 	C:\WINDOWS\system32\MSCTF.dll
0x00000000621f0000 - 0x00000000622c2000 	C:\Program Files\Java\jdk1.8.0_131\jre\bin\msvcr100.dll
0x0000000061170000 - 0x0000000061a0c000 	C:\Program Files\Java\jdk1.8.0_131\jre\bin\server\jvm.dll
0x00007ffb681f0000 - 0x00007ffb681f8000 	C:\WINDOWS\system32\PSAPI.DLL
0x00007ffb57fb0000 - 0x00007ffb57fb9000 	C:\WINDOWS\SYSTEM32\WSOCK32.dll
0x00007ffb68510000 - 0x00007ffb68579000 	C:\WINDOWS\system32\WS2_32.dll
0x00007ffb68db0000 - 0x00007ffb68db8000 	C:\WINDOWS\system32\NSI.dll
0x00007ffb63dd0000 - 0x00007ffb63df3000 	C:\WINDOWS\SYSTEM32\WINMM.dll
0x00007ffb57fa0000 - 0x00007ffb57faa000 	C:\WINDOWS\SYSTEM32\VERSION.dll
0x00007ffb63cd0000 - 0x00007ffb63cfc000 	C:\WINDOWS\SYSTEM32\WINMMBASE.dll
0x00007ffb666b0000 - 0x00007ffb666f4000 	C:\WINDOWS\system32\cfgmgr32.dll
0x00007ffb643e0000 - 0x00007ffb64407000 	C:\WINDOWS\SYSTEM32\DEVOBJ.dll
0x0000000062930000 - 0x000000006293f000 	C:\Program Files\Java\jdk1.8.0_131\jre\bin\verify.dll
0x0000000062900000 - 0x0000000062929000 	C:\Program Files\Java\jdk1.8.0_131\jre\bin\java.dll
0x00000000628e0000 - 0x00000000628f6000 	C:\Program Files\Java\jdk1.8.0_131\jre\bin\zip.dll
0x00007ffb66ca0000 - 0x00007ffb681c3000 	C:\WINDOWS\system32\SHELL32.dll
0x00007ffb65ea0000 - 0x00007ffb664c9000 	C:\WINDOWS\system32\windows.storage.dll
0x00007ffb66830000 - 0x00007ffb66aac000 	C:\WINDOWS\system32\combase.dll
0x00007ffb68b20000 - 0x00007ffb68b71000 	C:\WINDOWS\system32\shlwapi.dll
0x00007ffb65aa0000 - 0x00007ffb65aaf000 	C:\WINDOWS\system32\kernel.appcore.dll
0x00007ffb65b00000 - 0x00007ffb65bb3000 	C:\WINDOWS\system32\shcore.dll
0x00007ffb65ab0000 - 0x00007ffb65afa000 	C:\WINDOWS\system32\powrprof.dll
0x00007ffb65a60000 - 0x00007ffb65a73000 	C:\WINDOWS\system32\profapi.dll
0x00000000628c0000 - 0x00000000628da000 	C:\Program Files\Java\jdk1.8.0_131\jre\bin\net.dll
0x00007ffb652d0000 - 0x00007ffb6532d000 	C:\WINDOWS\system32\mswsock.dll
0x00007ffb65090000 - 0x00007ffb65138000 	C:\WINDOWS\SYSTEM32\DNSAPI.dll
0x00007ffb5d630000 - 0x00007ffb5d63a000 	C:\Windows\System32\rasadhlp.dll
0x00007ffb637e0000 - 0x00007ffb63818000 	C:\WINDOWS\SYSTEM32\IPHLPAPI.DLL
0x00007ffb637a0000 - 0x00007ffb637ab000 	C:\WINDOWS\SYSTEM32\WINNSI.DLL
0x00007ffb5e270000 - 0x00007ffb5e2d8000 	C:\WINDOWS\System32\fwpuclnt.dll
0x00007ffb655a0000 - 0x00007ffb655c8000 	C:\WINDOWS\SYSTEM32\bcrypt.dll
0x00000000628a0000 - 0x00000000628b1000 	C:\Program Files\Java\jdk1.8.0_131\jre\bin\nio.dll

VM Arguments:
jvm_args: -ea -Dfile.encoding=UTF-8 
java_command: org.eclipse.jdt.internal.junit.runner.RemoteTestRunner -version 3 -port 62843 -testLoaderClass org.eclipse.jdt.internal.junit4.runner.JUnit4TestLoader -loaderpluginname org.eclipse.jdt.junit4.runtime -test at.ac.tuwien.big.xmlintelledit.xmltext.maybedeprecated.XsdToXtextGenerator2:runGeneratorPart1
java_class_path (initial): C:\Users\Robert\Documents\AME\xmltext\XMLIntellEdit\xmlintelledit\xmltext\target\test-classes;C:\Users\Robert\Documents\AME\xmltext\XMLIntellEdit\xmlintelledit\xmltext\target\classes;C:\Users\Robert\Documents\eclipse-modeling-neon-2-win32-x86_64\eclipse\plugins\org.eclipse.emf.common_2.12.0.v20160420-0247.jar;C:\Users\Robert\Documents\eclipse-modeling-neon-2-win32-x86_64\eclipse\plugins\org.eclipse.emf.compare_3.3.1.201608311750.jar;C:\Users\Robert\Documents\eclipse-modeling-neon-2-win32-x86_64\eclipse\plugins\org.eclipse.emf.ecore_2.12.0.v20160420-0247.jar;C:\Users\Robert\Documents\eclipse-modeling-neon-2-win32-x86_64\eclipse\plugins\org.eclipse.jface_3.12.1.v20160923-1528.jar;C:\Users\Robert\Documents\eclipse-modeling-neon-2-win32-x86_64\eclipse\plugins\org.eclipse.swt_3.105.2.v20161122-0613.jar;C:\Users\Robert\Documents\eclipse-modeling-neon-2-win32-x86_64\eclipse\plugins\org.eclipse.swt.win32.win32.x86_64_3.105.2.v20161122-0613.jar;C:\Users\Robert\Documents\eclipse-modeling-neon-2-win32-x86_64\eclipse\plugins\org.eclipse.core.commands_3.8.0.v20160316-1921.jar;C:\Users\Robert\Documents\eclipse-modeling-neon-2-win32-x86_64\eclipse\plugins\org.eclipse.jface.text_3.11.2.v20161113-1700.jar;C:\Users\Robert\Documents\eclipse-modeling-neon-2-win32-x86_64\eclipse\plugins\org.eclipse.text_3.6.0.v20160503-1849.jar;C:\Users\Robert\Documents\eclipse-modeling-neon-2-win32-x86_64\eclipse\plugins\org.eclipse.xtext.ui_2.11.0.v20170130-0818.jar;C:\Users\Robert\Documents\eclipse-modeling-neon-2-win32-x86_64\eclipse\plugins\org.eclipse.core.runtime_3.12.0.v20160606-1342.jar;C:\Users\Robert\Documents\eclipse-modeling-neon-2-win32-x86_64\eclipse\plugins\javax.inject_1.0.0.v20091030.jar;C:\Users\Robert\Documents\eclipse-modeling-neon-2-win32-x86_64\eclipse\plugins\org.eclipse.osgi_3.11.2.v20161107-1947.jar;C:\Users\Robert\Documents\eclipse-modeling-neon-2-win32-x86_64\eclipse\plugins\org.eclipse.osgi.compatibility.state_1.0.200.v20160504-1419.jar;C:\Users\
Launcher Type: SUN_STANDARD

Environment Variables:
JAVA_HOME=C:\Program Files\Java\jdk1.8.0_131
PATH=C:/Program Files/Java/jdk1.8.0_131/bin/../jre/bin/server;C:/Program Files/Java/jdk1.8.0_131/bin/../jre/bin;C:/Program Files/Java/jdk1.8.0_131/bin/../jre/lib/amd64;C:\ProgramData\Oracle\Java\javapath;C:\Program Files (x86)\Intel\iCLS Client\;C:\Program Files\Intel\iCLS Client\;C:\Program Files\Haskell\bin;C:\Program Files\Haskell Platform\7.10.3\lib\extralibs\bin;C:\Program Files\Haskell Platform\7.10.3\bin;C:\Program Files\Microsoft MPI\Bin\;C:\Python34\;C:\Python34\Scripts;C:\Windows\system32;C:\Windows;C:\Windows\System32\Wbem;C:\Windows\System32\WindowsPowerShell\v1.0\;C:\Program Files (x86)\MiKTeX 2.9\miktex\bin\;C:\Program Files\TortoiseGit\bin;C:\Users\Robert\Documents\OtherThings\WebEngineering\2\typesafe-activator-1.3.4-minimal\activator-1.3.4-minimal;C:\WINDOWS\system32;C:\WINDOWS;C:\WINDOWS\System32\Wbem;C:\WINDOWS\System32\WindowsPowerShell\v1.0\;C:\Program Files (x86)\WinMerge;C:\Program Files\TortoiseSVN\bin;C:\Program Files\OpenVPN\bin;C:\adb;C:\Program Files\Haskell Platform\7.10.3\mingw\bin;C:\Program Files (x86)\Intel\Intel(R) Management Engine Components\DAL;C:\Program Files\Intel\Intel(R) Management Engine Components\DAL;C:\Program Files (x86)\Intel\Intel(R) Management Engine Components\IPT;C:\Program Files\Intel\Intel(R) Management Engine Components\IPT;C:\Program Files (x86)\Skype\Phone\;C:\Program Files\nodejs\;C:\Program Files\Intel\WiFi\bin\;C:\Program Files\Common Files\Intel\WirelessCommon\;C:\Users\Robert\Documents\AME\apache-maven-3.5.0-bin;C:\Users\Robert\Documents\AME\apache-maven-3.5.0-bin\bin;C:\Ruby21-x64\bin;C:\Users\Robert\AppData\Roaming\cabal\bin;C:\Program Files (x86)\Nmap;C:\Users\Robert\AppData\Roaming\npm;C:\Program Files\Intel\WiFi\bin\;C:\Program Files\Common Files\Intel\WirelessCommon\;C:\Program Files (x86)\Nmap;C:\Users\Robert\Documents\eclipse-modeling-neon-2-win32-x86_64\eclipse;
USERNAME=Robert
OS=Windows_NT
PROCESSOR_IDENTIFIER=Intel64 Family 6 Model 69 Stepping 1, GenuineIntel



---------------  S Y S T E M  ---------------

OS: Windows 10.0 , 64 bit Build 10240 (10.0.10240.17113)

CPU:total 4 (initial active 4) (2 cores per cpu, 2 threads per core) family 6 model 69 stepping 1, cmov, cx8, fxsr, mmx, sse, sse2, sse3, ssse3, sse4.1, sse4.2, popcnt, avx, avx2, aes, clmul, erms, lzcnt, ht, tsc, tscinvbit, bmi1, bmi2

Memory: 4k page, physical 12279524k(1419372k free), swap 13328064k(4108k free)

vm_info: Java HotSpot(TM) 64-Bit Server VM (25.131-b11) for windows-amd64 JRE (1.8.0_131-b11), built on Mar 15 2017 01:23:53 by "java_re" with MS VC++ 10.0 (VS2010)

time: Mon Feb 12 10:14:39 2018
elapsed time: 17 seconds (0d 0h 0m 17s)

