>>  Generating code
>>  Generating packages
>>  Creating EMF project XsdToXtextFramework (XsdToXtextFramework)
>>  Opening 'XsdToXtextFramework'.
#>  The user operation is waiting for background work to complete.
=>  The user operation is waiting for background work to complete.
>>  Refreshing '/XsdToXtextFramework'.
>>  Generating model plugin.properties
>>  Generating file /XsdToXtextFramework/plugin.properties
>>  Opening folder /XsdToXtextFramework
>>  Generating model build.properties
>>  Generating model plugin.properties
>>  Generating file /XsdToXtextFramework/build.properties
>>  Opening folder /XsdToXtextFramework
>>  Generating model META-INF/MANIFEST.MF
>>  Generating file /XsdToXtextFramework/META-INF/MANIFEST.MF
>>  Opening folder /XsdToXtextFramework/META-INF
>>  Generating model plugin.xml
>>  Generating file /XsdToXtextFramework/plugin.xml
>>  Opening folder /XsdToXtextFramework
>>  Generating packages
>>  Creating EMF project XsdToXtextFramework (XsdToXtextFramework)
>>  Opening 'XsdToXtextFramework'.
>>  Generating model plugin.properties
>>  Generating file /XsdToXtextFramework/plugin.properties
>>  Opening folder /XsdToXtextFramework
>>  Examining old /XsdToXtextFramework/plugin.properties
>>  Preparing new /XsdToXtextFramework/plugin.properties
>>  Generating model build.properties
>>  Generating model plugin.properties
>>  Generating file /XsdToXtextFramework/build.properties
>>  Opening folder /XsdToXtextFramework
>>  Generating model META-INF/MANIFEST.MF
>>  Generating file /XsdToXtextFramework/META-INF/MANIFEST.MF
>>  Opening folder /XsdToXtextFramework/META-INF
>>  Examining old /XsdToXtextFramework/META-INF/MANIFEST.MF
>>  Generating model plugin.xml
>>  Generating file /XsdToXtextFramework/plugin.xml
>>  Opening folder /XsdToXtextFramework
>>  Examining old /XsdToXtextFramework/plugin.xml
>>  Generating package library3SimplifiedPackage
>>  Creating EMF project XsdToXtextFramework (XsdToXtextFramework)
>>  Opening 'XsdToXtextFramework'.
>>  Generating Java interface library3Simplified.library3SimplifiedPackage
>>  Generating /XsdToXtextFramework/src/library3Simplified/library3SimplifiedPackage.java
>>  Opening folder /XsdToXtextFramework/src/library3Simplified
>>  Preparing new /XsdToXtextFramework/src/library3Simplified/library3SimplifiedPackage.java
>>  Generating Java class library3Simplified.impl.library3SimplifiedPackageImpl
>>  Generating /XsdToXtextFramework/src/library3Simplified/impl/library3SimplifiedPackageImpl.java
>>  Opening folder /XsdToXtextFramework/src/library3Simplified/impl
#>  The user operation is waiting for "Building workspace" to complete.
=>  The user operation is waiting for "Building workspace" to complete.
>>  Preparing new /XsdToXtextFramework/src/library3Simplified/impl/library3SimplifiedPackageImpl.java
>>  Generating Java interface library3Simplified.library3SimplifiedFactory
>>  Generating /XsdToXtextFramework/src/library3Simplified/library3SimplifiedFactory.java
>>  Opening folder /XsdToXtextFramework/src/library3Simplified
>>  Preparing new /XsdToXtextFramework/src/library3Simplified/library3SimplifiedFactory.java
>>  Generating Java class library3Simplified.impl.library3SimplifiedFactoryImpl
>>  Generating /XsdToXtextFramework/src/library3Simplified/impl/library3SimplifiedFactoryImpl.java
>>  Opening folder /XsdToXtextFramework/src/library3Simplified/impl
>>  Preparing new /XsdToXtextFramework/src/library3Simplified/impl/library3SimplifiedFactoryImpl.java
>>  Generating Java class library3Simplified.util.library3SimplifiedValidator
>>  Generating /XsdToXtextFramework/src/library3Simplified/util/library3SimplifiedValidator.java
>>  Opening folder /XsdToXtextFramework/src/library3Simplified/util
>>  Preparing new /XsdToXtextFramework/src/library3Simplified/util/library3SimplifiedValidator.java
>>  Generating Java class library3Simplified.util.library3SimplifiedSwitch
>>  Generating /XsdToXtextFramework/src/library3Simplified/util/library3SimplifiedSwitch.java
>>  Opening folder /XsdToXtextFramework/src/library3Simplified/util
>>  Preparing new /XsdToXtextFramework/src/library3Simplified/util/library3SimplifiedSwitch.java
>>  Generating Java class library3Simplified.util.library3SimplifiedAdapterFactory
>>  Generating /XsdToXtextFramework/src/library3Simplified/util/library3SimplifiedAdapterFactory.java
>>  Opening folder /XsdToXtextFramework/src/library3Simplified/util
>>  Preparing new /XsdToXtextFramework/src/library3Simplified/util/library3SimplifiedAdapterFactory.java
>>  Generating package library3SimplifiedPackage
>>  Creating EMF project XsdToXtextFramework (XsdToXtextFramework)
>>  Opening 'XsdToXtextFramework'.
>>  Generating Java interface library3Simplified.library3SimplifiedPackage
>>  Generating /XsdToXtextFramework/src/library3Simplified/library3SimplifiedPackage.java
>>  Opening folder /XsdToXtextFramework/src/library3Simplified
>>  Examining old /XsdToXtextFramework/src/library3Simplified/library3SimplifiedPackage.java
>>  Preparing new /XsdToXtextFramework/src/library3Simplified/library3SimplifiedPackage.java
>>  Generating Java class library3Simplified.impl.library3SimplifiedPackageImpl
>>  Generating /XsdToXtextFramework/src/library3Simplified/impl/library3SimplifiedPackageImpl.java
>>  Opening folder /XsdToXtextFramework/src/library3Simplified/impl
>>  Examining old /XsdToXtextFramework/src/library3Simplified/impl/library3SimplifiedPackageImpl.java
>>  Preparing new /XsdToXtextFramework/src/library3Simplified/impl/library3SimplifiedPackageImpl.java
>>  Generating Java interface library3Simplified.library3SimplifiedFactory
>>  Generating /XsdToXtextFramework/src/library3Simplified/library3SimplifiedFactory.java
>>  Opening folder /XsdToXtextFramework/src/library3Simplified
>>  Examining old /XsdToXtextFramework/src/library3Simplified/library3SimplifiedFactory.java
>>  Preparing new /XsdToXtextFramework/src/library3Simplified/library3SimplifiedFactory.java
>>  Generating Java class library3Simplified.impl.library3SimplifiedFactoryImpl
>>  Generating /XsdToXtextFramework/src/library3Simplified/impl/library3SimplifiedFactoryImpl.java
>>  Opening folder /XsdToXtextFramework/src/library3Simplified/impl
>>  Examining old /XsdToXtextFramework/src/library3Simplified/impl/library3SimplifiedFactoryImpl.java
>>  Preparing new /XsdToXtextFramework/src/library3Simplified/impl/library3SimplifiedFactoryImpl.java
>>  Generating Java class library3Simplified.util.library3SimplifiedValidator
>>  Generating /XsdToXtextFramework/src/library3Simplified/util/library3SimplifiedValidator.java
>>  Opening folder /XsdToXtextFramework/src/library3Simplified/util
>>  Examining old /XsdToXtextFramework/src/library3Simplified/util/library3SimplifiedValidator.java
>>  Preparing new /XsdToXtextFramework/src/library3Simplified/util/library3SimplifiedValidator.java
>>  Generating Java class library3Simplified.util.library3SimplifiedSwitch
>>  Generating /XsdToXtextFramework/src/library3Simplified/util/library3SimplifiedSwitch.java
>>  Opening folder /XsdToXtextFramework/src/library3Simplified/util
>>  Examining old /XsdToXtextFramework/src/library3Simplified/util/library3SimplifiedSwitch.java
>>  Preparing new /XsdToXtextFramework/src/library3Simplified/util/library3SimplifiedSwitch.java
>>  Generating Java class library3Simplified.util.library3SimplifiedAdapterFactory
>>  Generating /XsdToXtextFramework/src/library3Simplified/util/library3SimplifiedAdapterFactory.java
>>  Opening folder /XsdToXtextFramework/src/library3Simplified/util
>>  Examining old /XsdToXtextFramework/src/library3Simplified/util/library3SimplifiedAdapterFactory.java
>>  Preparing new /XsdToXtextFramework/src/library3Simplified/util/library3SimplifiedAdapterFactory.java
>>  Generating Book Info
>>  Creating EMF project XsdToXtextFramework (XsdToXtextFramework)
>>  Opening 'XsdToXtextFramework'.
#>  The user operation is waiting for "Building workspace" to complete.
=>  The user operation is waiting for "Building workspace" to complete.
>>  Generating Java interface library3Simplified.BookInfo
>>  Generating /XsdToXtextFramework/src/library3Simplified/BookInfo.java
>>  Opening folder /XsdToXtextFramework/src/library3Simplified
>>  Preparing new /XsdToXtextFramework/src/library3Simplified/BookInfo.java
>>  Generating Java class library3Simplified.impl.BookInfoImpl
>>  Generating /XsdToXtextFramework/src/library3Simplified/impl/BookInfoImpl.java
>>  Opening folder /XsdToXtextFramework/src/library3Simplified/impl
>>  Preparing new /XsdToXtextFramework/src/library3Simplified/impl/BookInfoImpl.java
>>  Generating Book Info
>>  Creating EMF project XsdToXtextFramework (XsdToXtextFramework)
>>  Opening 'XsdToXtextFramework'.
>>  Generating Java interface library3Simplified.BookInfo
>>  Generating /XsdToXtextFramework/src/library3Simplified/BookInfo.java
>>  Opening folder /XsdToXtextFramework/src/library3Simplified
>>  Examining old /XsdToXtextFramework/src/library3Simplified/BookInfo.java
>>  Preparing new /XsdToXtextFramework/src/library3Simplified/BookInfo.java
>>  Generating Java class library3Simplified.impl.BookInfoImpl
>>  Generating /XsdToXtextFramework/src/library3Simplified/impl/BookInfoImpl.java
>>  Opening folder /XsdToXtextFramework/src/library3Simplified/impl
>>  Examining old /XsdToXtextFramework/src/library3Simplified/impl/BookInfoImpl.java
>>  Preparing new /XsdToXtextFramework/src/library3Simplified/impl/BookInfoImpl.java
>>  Generating Book
>>  Creating EMF project XsdToXtextFramework (XsdToXtextFramework)
>>  Opening 'XsdToXtextFramework'.
#>  The user operation is waiting for "Building workspace" to complete.
=>  The user operation is waiting for "Building workspace" to complete.
>>  Generating Java interface library3Simplified.Book
>>  Generating /XsdToXtextFramework/src/library3Simplified/Book.java
>>  Opening folder /XsdToXtextFramework/src/library3Simplified
>>  Preparing new /XsdToXtextFramework/src/library3Simplified/Book.java
>>  Generating Java class library3Simplified.impl.BookImpl
>>  Generating /XsdToXtextFramework/src/library3Simplified/impl/BookImpl.java
>>  Opening folder /XsdToXtextFramework/src/library3Simplified/impl
>>  Preparing new /XsdToXtextFramework/src/library3Simplified/impl/BookImpl.java
>>  Generating Book
>>  Creating EMF project XsdToXtextFramework (XsdToXtextFramework)
>>  Opening 'XsdToXtextFramework'.
>>  Generating Java interface library3Simplified.Book
>>  Generating /XsdToXtextFramework/src/library3Simplified/Book.java
>>  Opening folder /XsdToXtextFramework/src/library3Simplified
>>  Examining old /XsdToXtextFramework/src/library3Simplified/Book.java
>>  Preparing new /XsdToXtextFramework/src/library3Simplified/Book.java
>>  Generating Java class library3Simplified.impl.BookImpl
>>  Generating /XsdToXtextFramework/src/library3Simplified/impl/BookImpl.java
>>  Opening folder /XsdToXtextFramework/src/library3Simplified/impl
>>  Examining old /XsdToXtextFramework/src/library3Simplified/impl/BookImpl.java
>>  Preparing new /XsdToXtextFramework/src/library3Simplified/impl/BookImpl.java
>>  Generating Customer
>>  Creating EMF project XsdToXtextFramework (XsdToXtextFramework)
>>  Opening 'XsdToXtextFramework'.
#>  The user operation is waiting for "Building workspace" to complete.
=>  The user operation is waiting for "Building workspace" to complete.
>>  Generating Java interface library3Simplified.Customer
>>  Generating /XsdToXtextFramework/src/library3Simplified/Customer.java
>>  Opening folder /XsdToXtextFramework/src/library3Simplified
>>  Preparing new /XsdToXtextFramework/src/library3Simplified/Customer.java
>>  Generating Java class library3Simplified.impl.CustomerImpl
>>  Generating /XsdToXtextFramework/src/library3Simplified/impl/CustomerImpl.java
>>  Opening folder /XsdToXtextFramework/src/library3Simplified/impl
>>  Preparing new /XsdToXtextFramework/src/library3Simplified/impl/CustomerImpl.java
>>  Generating Customer
>>  Creating EMF project XsdToXtextFramework (XsdToXtextFramework)
>>  Opening 'XsdToXtextFramework'.
>>  Generating Java interface library3Simplified.Customer
>>  Generating /XsdToXtextFramework/src/library3Simplified/Customer.java
>>  Opening folder /XsdToXtextFramework/src/library3Simplified
>>  Examining old /XsdToXtextFramework/src/library3Simplified/Customer.java
>>  Preparing new /XsdToXtextFramework/src/library3Simplified/Customer.java
>>  Generating Java class library3Simplified.impl.CustomerImpl
>>  Generating /XsdToXtextFramework/src/library3Simplified/impl/CustomerImpl.java
>>  Opening folder /XsdToXtextFramework/src/library3Simplified/impl
>>  Examining old /XsdToXtextFramework/src/library3Simplified/impl/CustomerImpl.java
>>  Preparing new /XsdToXtextFramework/src/library3Simplified/impl/CustomerImpl.java
>>  Generating Library
>>  Creating EMF project XsdToXtextFramework (XsdToXtextFramework)
>>  Opening 'XsdToXtextFramework'.
#>  The user operation is waiting for "Building workspace" to complete.
=>  The user operation is waiting for "Building workspace" to complete.
>>  Generating Java interface library3Simplified.Library
>>  Generating /XsdToXtextFramework/src/library3Simplified/Library.java
>>  Opening folder /XsdToXtextFramework/src/library3Simplified
>>  Preparing new /XsdToXtextFramework/src/library3Simplified/Library.java
>>  Generating Java class library3Simplified.impl.LibraryImpl
>>  Generating /XsdToXtextFramework/src/library3Simplified/impl/LibraryImpl.java
>>  Opening folder /XsdToXtextFramework/src/library3Simplified/impl
>>  Preparing new /XsdToXtextFramework/src/library3Simplified/impl/LibraryImpl.java
>>  Generating Library
>>  Creating EMF project XsdToXtextFramework (XsdToXtextFramework)
>>  Opening 'XsdToXtextFramework'.
>>  Generating Java interface library3Simplified.Library
>>  Generating /XsdToXtextFramework/src/library3Simplified/Library.java
>>  Opening folder /XsdToXtextFramework/src/library3Simplified
>>  Examining old /XsdToXtextFramework/src/library3Simplified/Library.java
>>  Preparing new /XsdToXtextFramework/src/library3Simplified/Library.java
>>  Generating Java class library3Simplified.impl.LibraryImpl
>>  Generating /XsdToXtextFramework/src/library3Simplified/impl/LibraryImpl.java
>>  Opening folder /XsdToXtextFramework/src/library3Simplified/impl
>>  Examining old /XsdToXtextFramework/src/library3Simplified/impl/LibraryImpl.java
>>  Preparing new /XsdToXtextFramework/src/library3Simplified/impl/LibraryImpl.java
>>  Generating code
>>  Generating edit packages
>>  Creating EMF project XsdToXtextFramework.edit (XsdToXtextFramework.edit)
#>  The user operation is waiting for "Building workspace" to complete.
=>  The user operation is waiting for "Building workspace" to complete.
>>  Opening 'XsdToXtextFramework.edit'.
#>  The user operation is waiting for background work to complete.
=>  The user operation is waiting for background work to complete.
>>  Refreshing '/XsdToXtextFramework.edit'.
#>  The user operation is waiting for background work to complete.
=>  The user operation is waiting for background work to complete.
>>  Generating Java class library3Simplified.provider.library3SimplifiedEditPlugin
>>  Generating /XsdToXtextFramework.edit/src/library3Simplified/provider/library3SimplifiedEditPlugin.java
>>  Opening folder /XsdToXtextFramework.edit/src/library3Simplified/provider
>>  Preparing new /XsdToXtextFramework.edit/src/library3Simplified/provider/library3SimplifiedEditPlugin.java
>>  Generating edit plugin.properties
>>  Generating file /XsdToXtextFramework.edit/plugin.properties
>>  Opening folder /XsdToXtextFramework.edit
>>  Generating edit build.properties
>>  Generating file /XsdToXtextFramework.edit/build.properties
>>  Opening folder /XsdToXtextFramework.edit
>>  Generating edit META-INF/MANIFEST.MF
>>  Generating file /XsdToXtextFramework.edit/META-INF/MANIFEST.MF
>>  Opening folder /XsdToXtextFramework.edit/META-INF
>>  Generating edit plugin.xml
>>  Generating file /XsdToXtextFramework.edit/plugin.xml
>>  Opening folder /XsdToXtextFramework.edit
>>  Generating edit packages
>>  Creating EMF project XsdToXtextFramework.edit (XsdToXtextFramework.edit)
>>  Opening 'XsdToXtextFramework.edit'.
>>  Generating Java class library3Simplified.provider.library3SimplifiedEditPlugin
>>  Generating /XsdToXtextFramework.edit/src/library3Simplified/provider/library3SimplifiedEditPlugin.java
>>  Opening folder /XsdToXtextFramework.edit/src/library3Simplified/provider
>>  Examining old /XsdToXtextFramework.edit/src/library3Simplified/provider/library3SimplifiedEditPlugin.java
>>  Preparing new /XsdToXtextFramework.edit/src/library3Simplified/provider/library3SimplifiedEditPlugin.java
>>  Generating edit plugin.properties
>>  Generating file /XsdToXtextFramework.edit/plugin.properties
>>  Opening folder /XsdToXtextFramework.edit
>>  Examining old /XsdToXtextFramework.edit/plugin.properties
>>  Preparing new /XsdToXtextFramework.edit/plugin.properties
>>  Generating edit build.properties
>>  Generating file /XsdToXtextFramework.edit/build.properties
>>  Opening folder /XsdToXtextFramework.edit
>>  Generating edit META-INF/MANIFEST.MF
>>  Generating file /XsdToXtextFramework.edit/META-INF/MANIFEST.MF
>>  Opening folder /XsdToXtextFramework.edit/META-INF
>>  Examining old /XsdToXtextFramework.edit/META-INF/MANIFEST.MF
>>  Generating edit plugin.xml
>>  Generating file /XsdToXtextFramework.edit/plugin.xml
>>  Opening folder /XsdToXtextFramework.edit
>>  Examining old /XsdToXtextFramework.edit/plugin.xml
>>  Generating item providers for package library3SimplifiedPackage
>>  Creating EMF project XsdToXtextFramework.edit (XsdToXtextFramework.edit)
>>  Opening 'XsdToXtextFramework.edit'.
>>  Generating Java class library3Simplified.provider.library3SimplifiedItemProviderAdapterFactory
>>  Generating /XsdToXtextFramework.edit/src/library3Simplified/provider/library3SimplifiedItemProviderAdapterFactory.java
>>  Opening folder /XsdToXtextFramework.edit/src/library3Simplified/provider
>>  Preparing new /XsdToXtextFramework.edit/src/library3Simplified/provider/library3SimplifiedItemProviderAdapterFactory.java
>>  Generating item providers for package library3SimplifiedPackage
>>  Creating EMF project XsdToXtextFramework.edit (XsdToXtextFramework.edit)
>>  Opening 'XsdToXtextFramework.edit'.
>>  Generating Java class library3Simplified.provider.library3SimplifiedItemProviderAdapterFactory
>>  Generating /XsdToXtextFramework.edit/src/library3Simplified/provider/library3SimplifiedItemProviderAdapterFactory.java
>>  Opening folder /XsdToXtextFramework.edit/src/library3Simplified/provider
>>  Examining old /XsdToXtextFramework.edit/src/library3Simplified/provider/library3SimplifiedItemProviderAdapterFactory.java
>>  Preparing new /XsdToXtextFramework.edit/src/library3Simplified/provider/library3SimplifiedItemProviderAdapterFactory.java
>>  Generating provider Book Info
>>  Creating EMF project XsdToXtextFramework.edit (XsdToXtextFramework.edit)
>>  Opening 'XsdToXtextFramework.edit'.
>>  Generating Java class library3Simplified.provider.BookInfoItemProvider
>>  Generating /XsdToXtextFramework.edit/src/library3Simplified/provider/BookInfoItemProvider.java
>>  Opening folder /XsdToXtextFramework.edit/src/library3Simplified/provider
>>  Preparing new /XsdToXtextFramework.edit/src/library3Simplified/provider/BookInfoItemProvider.java
>>  Generating item icon /XsdToXtextFramework.edit/icons/full/obj16/BookInfo.gif
>>  Generating image /XsdToXtextFramework.edit/icons/full/obj16/BookInfo.gif
>>  Opening folder /XsdToXtextFramework.edit/icons/full/obj16
>>  Generating provider Book Info
>>  Creating EMF project XsdToXtextFramework.edit (XsdToXtextFramework.edit)
>>  Opening 'XsdToXtextFramework.edit'.
>>  Generating Java class library3Simplified.provider.BookInfoItemProvider
>>  Generating /XsdToXtextFramework.edit/src/library3Simplified/provider/BookInfoItemProvider.java
>>  Opening folder /XsdToXtextFramework.edit/src/library3Simplified/provider
>>  Examining old /XsdToXtextFramework.edit/src/library3Simplified/provider/BookInfoItemProvider.java
>>  Preparing new /XsdToXtextFramework.edit/src/library3Simplified/provider/BookInfoItemProvider.java
>>  Generating item icon /XsdToXtextFramework.edit/icons/full/obj16/BookInfo.gif
>>  Generating image /XsdToXtextFramework.edit/icons/full/obj16/BookInfo.gif
>>  Opening folder /XsdToXtextFramework.edit/icons/full/obj16
>>  Generating provider Book
>>  Creating EMF project XsdToXtextFramework.edit (XsdToXtextFramework.edit)
>>  Opening 'XsdToXtextFramework.edit'.
>>  Generating Java class library3Simplified.provider.BookItemProvider
>>  Generating /XsdToXtextFramework.edit/src/library3Simplified/provider/BookItemProvider.java
>>  Opening folder /XsdToXtextFramework.edit/src/library3Simplified/provider
>>  Preparing new /XsdToXtextFramework.edit/src/library3Simplified/provider/BookItemProvider.java
>>  Generating item icon /XsdToXtextFramework.edit/icons/full/obj16/Book.gif
>>  Generating image /XsdToXtextFramework.edit/icons/full/obj16/Book.gif
>>  Opening folder /XsdToXtextFramework.edit/icons/full/obj16
>>  Generating create child icon /XsdToXtextFramework.edit/icons/full/ctool16/CreateBook_bookInfo_BookInfo.gif
>>  Generating image /XsdToXtextFramework.edit/icons/full/ctool16/CreateBook_bookInfo_BookInfo.gif
>>  Opening folder /XsdToXtextFramework.edit/icons/full/ctool16
>>  Generating provider Book
>>  Creating EMF project XsdToXtextFramework.edit (XsdToXtextFramework.edit)
>>  Opening 'XsdToXtextFramework.edit'.
>>  Generating Java class library3Simplified.provider.BookItemProvider
>>  Generating /XsdToXtextFramework.edit/src/library3Simplified/provider/BookItemProvider.java
>>  Opening folder /XsdToXtextFramework.edit/src/library3Simplified/provider
>>  Examining old /XsdToXtextFramework.edit/src/library3Simplified/provider/BookItemProvider.java
>>  Preparing new /XsdToXtextFramework.edit/src/library3Simplified/provider/BookItemProvider.java
>>  Generating item icon /XsdToXtextFramework.edit/icons/full/obj16/Book.gif
>>  Generating image /XsdToXtextFramework.edit/icons/full/obj16/Book.gif
>>  Opening folder /XsdToXtextFramework.edit/icons/full/obj16
>>  Generating create child icon /XsdToXtextFramework.edit/icons/full/ctool16/CreateBook_bookInfo_BookInfo.gif
>>  Generating image /XsdToXtextFramework.edit/icons/full/ctool16/CreateBook_bookInfo_BookInfo.gif
>>  Opening folder /XsdToXtextFramework.edit/icons/full/ctool16
>>  Generating provider Customer
>>  Creating EMF project XsdToXtextFramework.edit (XsdToXtextFramework.edit)
>>  Opening 'XsdToXtextFramework.edit'.
#>  The user operation is waiting for "Building workspace" to complete.
=>  The user operation is waiting for "Building workspace" to complete.
>>  Generating Java class library3Simplified.provider.CustomerItemProvider
>>  Generating /XsdToXtextFramework.edit/src/library3Simplified/provider/CustomerItemProvider.java
>>  Opening folder /XsdToXtextFramework.edit/src/library3Simplified/provider
>>  Preparing new /XsdToXtextFramework.edit/src/library3Simplified/provider/CustomerItemProvider.java
>>  Generating item icon /XsdToXtextFramework.edit/icons/full/obj16/Customer.gif
>>  Generating image /XsdToXtextFramework.edit/icons/full/obj16/Customer.gif
>>  Opening folder /XsdToXtextFramework.edit/icons/full/obj16
>>  Generating provider Customer
>>  Creating EMF project XsdToXtextFramework.edit (XsdToXtextFramework.edit)
>>  Opening 'XsdToXtextFramework.edit'.
>>  Generating Java class library3Simplified.provider.CustomerItemProvider
>>  Generating /XsdToXtextFramework.edit/src/library3Simplified/provider/CustomerItemProvider.java
>>  Opening folder /XsdToXtextFramework.edit/src/library3Simplified/provider
>>  Examining old /XsdToXtextFramework.edit/src/library3Simplified/provider/CustomerItemProvider.java
>>  Preparing new /XsdToXtextFramework.edit/src/library3Simplified/provider/CustomerItemProvider.java
>>  Generating item icon /XsdToXtextFramework.edit/icons/full/obj16/Customer.gif
>>  Generating image /XsdToXtextFramework.edit/icons/full/obj16/Customer.gif
>>  Opening folder /XsdToXtextFramework.edit/icons/full/obj16
>>  Generating provider Library
>>  Creating EMF project XsdToXtextFramework.edit (XsdToXtextFramework.edit)
>>  Opening 'XsdToXtextFramework.edit'.
>>  Generating Java class library3Simplified.provider.LibraryItemProvider
>>  Generating /XsdToXtextFramework.edit/src/library3Simplified/provider/LibraryItemProvider.java
>>  Opening folder /XsdToXtextFramework.edit/src/library3Simplified/provider
>>  Preparing new /XsdToXtextFramework.edit/src/library3Simplified/provider/LibraryItemProvider.java
>>  Generating item icon /XsdToXtextFramework.edit/icons/full/obj16/Library.gif
>>  Generating image /XsdToXtextFramework.edit/icons/full/obj16/Library.gif
>>  Opening folder /XsdToXtextFramework.edit/icons/full/obj16
>>  Generating create child icon /XsdToXtextFramework.edit/icons/full/ctool16/CreateLibrary_books_Book.gif
>>  Generating image /XsdToXtextFramework.edit/icons/full/ctool16/CreateLibrary_books_Book.gif
>>  Opening folder /XsdToXtextFramework.edit/icons/full/ctool16
>>  Generating create child icon /XsdToXtextFramework.edit/icons/full/ctool16/CreateLibrary_customers_Customer.gif
>>  Generating image /XsdToXtextFramework.edit/icons/full/ctool16/CreateLibrary_customers_Customer.gif
>>  Opening folder /XsdToXtextFramework.edit/icons/full/ctool16
>>  Generating provider Library
>>  Creating EMF project XsdToXtextFramework.edit (XsdToXtextFramework.edit)
>>  Opening 'XsdToXtextFramework.edit'.
>>  Generating Java class library3Simplified.provider.LibraryItemProvider
>>  Generating /XsdToXtextFramework.edit/src/library3Simplified/provider/LibraryItemProvider.java
>>  Opening folder /XsdToXtextFramework.edit/src/library3Simplified/provider
>>  Examining old /XsdToXtextFramework.edit/src/library3Simplified/provider/LibraryItemProvider.java
>>  Preparing new /XsdToXtextFramework.edit/src/library3Simplified/provider/LibraryItemProvider.java
>>  Generating item icon /XsdToXtextFramework.edit/icons/full/obj16/Library.gif
>>  Generating image /XsdToXtextFramework.edit/icons/full/obj16/Library.gif
>>  Opening folder /XsdToXtextFramework.edit/icons/full/obj16
>>  Generating create child icon /XsdToXtextFramework.edit/icons/full/ctool16/CreateLibrary_books_Book.gif
>>  Generating image /XsdToXtextFramework.edit/icons/full/ctool16/CreateLibrary_books_Book.gif
>>  Opening folder /XsdToXtextFramework.edit/icons/full/ctool16
>>  Generating create child icon /XsdToXtextFramework.edit/icons/full/ctool16/CreateLibrary_customers_Customer.gif
>>  Generating image /XsdToXtextFramework.edit/icons/full/ctool16/CreateLibrary_customers_Customer.gif
>>  Opening folder /XsdToXtextFramework.edit/icons/full/ctool16
>>  Generating code
>>  Generating editor packages
>>  Creating EMF project XsdToXtextFramework.editor (XsdToXtextFramework.editor)
>>  Opening 'XsdToXtextFramework.editor'.
#>  The user operation is waiting for background work to complete.
=>  The user operation is waiting for background work to complete.
>>  Refreshing '/XsdToXtextFramework.editor'.
>>  Generating Java class library3Simplified.presentation.library3SimplifiedEditorPlugin
>>  Generating /XsdToXtextFramework.editor/src/library3Simplified/presentation/library3SimplifiedEditorPlugin.java
>>  Opening folder /XsdToXtextFramework.editor/src/library3Simplified/presentation
>>  Preparing new /XsdToXtextFramework.editor/src/library3Simplified/presentation/library3SimplifiedEditorPlugin.java
>>  Generating editor plugin.properties
>>  Generating file /XsdToXtextFramework.editor/plugin.properties
>>  Opening folder /XsdToXtextFramework.editor
>>  Generating editor build.properties
>>  Generating file /XsdToXtextFramework.editor/build.properties
>>  Opening folder /XsdToXtextFramework.editor
>>  Generating editor META-INF/MANIFEST.MF
>>  Generating file /XsdToXtextFramework.editor/META-INF/MANIFEST.MF
>>  Opening folder /XsdToXtextFramework.editor/META-INF
>>  Generating editor plugin.xml
>>  Generating file /XsdToXtextFramework.editor/plugin.xml
>>  Opening folder /XsdToXtextFramework.editor
>>  Generating editor packages
>>  Creating EMF project XsdToXtextFramework.editor (XsdToXtextFramework.editor)
>>  Opening 'XsdToXtextFramework.editor'.
>>  Generating Java class library3Simplified.presentation.library3SimplifiedEditorPlugin
>>  Generating /XsdToXtextFramework.editor/src/library3Simplified/presentation/library3SimplifiedEditorPlugin.java
>>  Opening folder /XsdToXtextFramework.editor/src/library3Simplified/presentation
>>  Examining old /XsdToXtextFramework.editor/src/library3Simplified/presentation/library3SimplifiedEditorPlugin.java
>>  Preparing new /XsdToXtextFramework.editor/src/library3Simplified/presentation/library3SimplifiedEditorPlugin.java
>>  Generating editor plugin.properties
>>  Generating file /XsdToXtextFramework.editor/plugin.properties
>>  Opening folder /XsdToXtextFramework.editor
>>  Examining old /XsdToXtextFramework.editor/plugin.properties
>>  Preparing new /XsdToXtextFramework.editor/plugin.properties
>>  Generating editor build.properties
>>  Generating file /XsdToXtextFramework.editor/build.properties
>>  Opening folder /XsdToXtextFramework.editor
>>  Generating editor META-INF/MANIFEST.MF
>>  Generating file /XsdToXtextFramework.editor/META-INF/MANIFEST.MF
>>  Opening folder /XsdToXtextFramework.editor/META-INF
>>  Examining old /XsdToXtextFramework.editor/META-INF/MANIFEST.MF
>>  Generating editor plugin.xml
>>  Generating file /XsdToXtextFramework.editor/plugin.xml
>>  Opening folder /XsdToXtextFramework.editor
>>  Examining old /XsdToXtextFramework.editor/plugin.xml
>>  Generating editor for package library3SimplifiedPackage
>>  Creating EMF project XsdToXtextFramework.editor (XsdToXtextFramework.editor)
>>  Opening 'XsdToXtextFramework.editor'.
>>  Generating Java class library3Simplified.presentation.library3SimplifiedEditor
>>  Generating /XsdToXtextFramework.editor/src/library3Simplified/presentation/library3SimplifiedEditor.java
>>  Opening folder /XsdToXtextFramework.editor/src/library3Simplified/presentation
>>  Preparing new /XsdToXtextFramework.editor/src/library3Simplified/presentation/library3SimplifiedEditor.java
>>  Generating Java class library3Simplified.presentation.library3SimplifiedModelWizard
>>  Generating /XsdToXtextFramework.editor/src/library3Simplified/presentation/library3SimplifiedModelWizard.java
>>  Opening folder /XsdToXtextFramework.editor/src/library3Simplified/presentation
>>  Preparing new /XsdToXtextFramework.editor/src/library3Simplified/presentation/library3SimplifiedModelWizard.java
>>  Generating Java class library3Simplified.presentation.library3SimplifiedActionBarContributor
>>  Generating /XsdToXtextFramework.editor/src/library3Simplified/presentation/library3SimplifiedActionBarContributor.java
>>  Opening folder /XsdToXtextFramework.editor/src/library3Simplified/presentation
>>  Preparing new /XsdToXtextFramework.editor/src/library3Simplified/presentation/library3SimplifiedActionBarContributor.java
>>  Generating model icon /XsdToXtextFramework.editor/icons/full/obj16/library3SimplifiedModelFile.gif
>>  Generating image /XsdToXtextFramework.editor/icons/full/obj16/library3SimplifiedModelFile.gif
>>  Opening folder /XsdToXtextFramework.editor/icons/full/obj16
>>  Generating model wizard icon /XsdToXtextFramework.editor/icons/full/wizban/Newlibrary3Simplified.gif
>>  Generating image /XsdToXtextFramework.editor/icons/full/wizban/Newlibrary3Simplified.gif
>>  Opening folder /XsdToXtextFramework.editor/icons/full/wizban
>>  Generating editor for package library3SimplifiedPackage
>>  Creating EMF project XsdToXtextFramework.editor (XsdToXtextFramework.editor)
>>  Opening 'XsdToXtextFramework.editor'.
>>  Generating Java class library3Simplified.presentation.library3SimplifiedEditor
>>  Generating /XsdToXtextFramework.editor/src/library3Simplified/presentation/library3SimplifiedEditor.java
>>  Opening folder /XsdToXtextFramework.editor/src/library3Simplified/presentation
>>  Examining old /XsdToXtextFramework.editor/src/library3Simplified/presentation/library3SimplifiedEditor.java
>>  Preparing new /XsdToXtextFramework.editor/src/library3Simplified/presentation/library3SimplifiedEditor.java
>>  Generating Java class library3Simplified.presentation.library3SimplifiedModelWizard
>>  Generating /XsdToXtextFramework.editor/src/library3Simplified/presentation/library3SimplifiedModelWizard.java
>>  Opening folder /XsdToXtextFramework.editor/src/library3Simplified/presentation
>>  Examining old /XsdToXtextFramework.editor/src/library3Simplified/presentation/library3SimplifiedModelWizard.java
>>  Preparing new /XsdToXtextFramework.editor/src/library3Simplified/presentation/library3SimplifiedModelWizard.java
>>  Generating Java class library3Simplified.presentation.library3SimplifiedActionBarContributor
>>  Generating /XsdToXtextFramework.editor/src/library3Simplified/presentation/library3SimplifiedActionBarContributor.java
>>  Opening folder /XsdToXtextFramework.editor/src/library3Simplified/presentation
>>  Examining old /XsdToXtextFramework.editor/src/library3Simplified/presentation/library3SimplifiedActionBarContributor.java
>>  Preparing new /XsdToXtextFramework.editor/src/library3Simplified/presentation/library3SimplifiedActionBarContributor.java
>>  Generating model icon /XsdToXtextFramework.editor/icons/full/obj16/library3SimplifiedModelFile.gif
>>  Generating image /XsdToXtextFramework.editor/icons/full/obj16/library3SimplifiedModelFile.gif
>>  Opening folder /XsdToXtextFramework.editor/icons/full/obj16
>>  Generating model wizard icon /XsdToXtextFramework.editor/icons/full/wizban/Newlibrary3Simplified.gif
>>  Generating image /XsdToXtextFramework.editor/icons/full/wizban/Newlibrary3Simplified.gif
>>  Opening folder /XsdToXtextFramework.editor/icons/full/wizban
>>  Generating code
>>  Generating test packages
>>  Creating EMF project XsdToXtextFramework.tests (XsdToXtextFramework.tests)
>>  Opening 'XsdToXtextFramework.tests'.
#>  The user operation is waiting for "Building workspace" to complete.
=>  The user operation is waiting for "Building workspace" to complete.
>>  Refreshing '/XsdToXtextFramework.tests'.
#>  The user operation is waiting for background work to complete.
=>  The user operation is waiting for background work to complete.
>>  Generating Java class library3Simplified.tests.library3SimplifiedAllTests
>>  Generating /XsdToXtextFramework.tests/src/library3Simplified/tests/library3SimplifiedAllTests.java
>>  Opening folder /XsdToXtextFramework.tests/src/library3Simplified/tests
>>  Preparing new /XsdToXtextFramework.tests/src/library3Simplified/tests/library3SimplifiedAllTests.java
>>  Generating tests plugin.properties
>>  Generating file /XsdToXtextFramework.tests/plugin.properties
>>  Opening folder /XsdToXtextFramework.tests
>>  Generating tests build.properties
>>  Generating file /XsdToXtextFramework.tests/build.properties
>>  Opening folder /XsdToXtextFramework.tests
>>  Generating tests META-INF/MANIFEST.MF
>>  Generating file /XsdToXtextFramework.tests/META-INF/MANIFEST.MF
>>  Opening folder /XsdToXtextFramework.tests/META-INF
>>  Generating test packages
>>  Creating EMF project XsdToXtextFramework.tests (XsdToXtextFramework.tests)
>>  Opening 'XsdToXtextFramework.tests'.
>>  Generating Java class library3Simplified.tests.library3SimplifiedAllTests
>>  Generating /XsdToXtextFramework.tests/src/library3Simplified/tests/library3SimplifiedAllTests.java
>>  Opening folder /XsdToXtextFramework.tests/src/library3Simplified/tests
>>  Examining old /XsdToXtextFramework.tests/src/library3Simplified/tests/library3SimplifiedAllTests.java
>>  Preparing new /XsdToXtextFramework.tests/src/library3Simplified/tests/library3SimplifiedAllTests.java
>>  Generating tests plugin.properties
>>  Generating file /XsdToXtextFramework.tests/plugin.properties
>>  Opening folder /XsdToXtextFramework.tests
>>  Examining old /XsdToXtextFramework.tests/plugin.properties
>>  Preparing new /XsdToXtextFramework.tests/plugin.properties
>>  Generating tests build.properties
>>  Generating file /XsdToXtextFramework.tests/build.properties
>>  Opening folder /XsdToXtextFramework.tests
>>  Generating tests META-INF/MANIFEST.MF
>>  Generating file /XsdToXtextFramework.tests/META-INF/MANIFEST.MF
>>  Opening folder /XsdToXtextFramework.tests/META-INF
>>  Examining old /XsdToXtextFramework.tests/META-INF/MANIFEST.MF
>>  Generating tests for package library3SimplifiedPackage
>>  Creating EMF project XsdToXtextFramework.tests (XsdToXtextFramework.tests)
>>  Opening 'XsdToXtextFramework.tests'.
>>  Generating Java class library3Simplified.tests.library3SimplifiedTests
>>  Generating /XsdToXtextFramework.tests/src/library3Simplified/tests/library3SimplifiedTests.java
>>  Opening folder /XsdToXtextFramework.tests/src/library3Simplified/tests
>>  Preparing new /XsdToXtextFramework.tests/src/library3Simplified/tests/library3SimplifiedTests.java
>>  Generating Java class library3Simplified.tests.library3SimplifiedExample
>>  Generating /XsdToXtextFramework.tests/src/library3Simplified/tests/library3SimplifiedExample.java
>>  Opening folder /XsdToXtextFramework.tests/src/library3Simplified/tests
>>  Preparing new /XsdToXtextFramework.tests/src/library3Simplified/tests/library3SimplifiedExample.java
>>  Generating tests for package library3SimplifiedPackage
>>  Creating EMF project XsdToXtextFramework.tests (XsdToXtextFramework.tests)
>>  Opening 'XsdToXtextFramework.tests'.
>>  Generating Java class library3Simplified.tests.library3SimplifiedTests
>>  Generating /XsdToXtextFramework.tests/src/library3Simplified/tests/library3SimplifiedTests.java
>>  Opening folder /XsdToXtextFramework.tests/src/library3Simplified/tests
>>  Examining old /XsdToXtextFramework.tests/src/library3Simplified/tests/library3SimplifiedTests.java
>>  Preparing new /XsdToXtextFramework.tests/src/library3Simplified/tests/library3SimplifiedTests.java
>>  Generating Java class library3Simplified.tests.library3SimplifiedExample
>>  Generating /XsdToXtextFramework.tests/src/library3Simplified/tests/library3SimplifiedExample.java
>>  Opening folder /XsdToXtextFramework.tests/src/library3Simplified/tests
>>  Examining old /XsdToXtextFramework.tests/src/library3Simplified/tests/library3SimplifiedExample.java
>>  Preparing new /XsdToXtextFramework.tests/src/library3Simplified/tests/library3SimplifiedExample.java
>>  Generating test case for Book Info
>>  Creating EMF project XsdToXtextFramework.tests (XsdToXtextFramework.tests)
>>  Opening 'XsdToXtextFramework.tests'.
>>  Generating Java class library3Simplified.tests.BookInfoTest
>>  Generating /XsdToXtextFramework.tests/src/library3Simplified/tests/BookInfoTest.java
>>  Opening folder /XsdToXtextFramework.tests/src/library3Simplified/tests
>>  Preparing new /XsdToXtextFramework.tests/src/library3Simplified/tests/BookInfoTest.java
>>  Generating test case for Book Info
>>  Creating EMF project XsdToXtextFramework.tests (XsdToXtextFramework.tests)
>>  Opening 'XsdToXtextFramework.tests'.
>>  Generating Java class library3Simplified.tests.BookInfoTest
>>  Generating /XsdToXtextFramework.tests/src/library3Simplified/tests/BookInfoTest.java
>>  Opening folder /XsdToXtextFramework.tests/src/library3Simplified/tests
>>  Examining old /XsdToXtextFramework.tests/src/library3Simplified/tests/BookInfoTest.java
>>  Preparing new /XsdToXtextFramework.tests/src/library3Simplified/tests/BookInfoTest.java
>>  Generating test case for Book
>>  Creating EMF project XsdToXtextFramework.tests (XsdToXtextFramework.tests)
>>  Opening 'XsdToXtextFramework.tests'.
>>  Generating Java class library3Simplified.tests.BookTest
>>  Generating /XsdToXtextFramework.tests/src/library3Simplified/tests/BookTest.java
>>  Opening folder /XsdToXtextFramework.tests/src/library3Simplified/tests
>>  Preparing new /XsdToXtextFramework.tests/src/library3Simplified/tests/BookTest.java
>>  Generating test case for Book
>>  Creating EMF project XsdToXtextFramework.tests (XsdToXtextFramework.tests)
>>  Opening 'XsdToXtextFramework.tests'.
>>  Generating Java class library3Simplified.tests.BookTest
>>  Generating /XsdToXtextFramework.tests/src/library3Simplified/tests/BookTest.java
>>  Opening folder /XsdToXtextFramework.tests/src/library3Simplified/tests
>>  Examining old /XsdToXtextFramework.tests/src/library3Simplified/tests/BookTest.java
>>  Preparing new /XsdToXtextFramework.tests/src/library3Simplified/tests/BookTest.java
>>  Generating test case for Customer
>>  Creating EMF project XsdToXtextFramework.tests (XsdToXtextFramework.tests)
>>  Opening 'XsdToXtextFramework.tests'.
>>  Generating Java class library3Simplified.tests.CustomerTest
>>  Generating /XsdToXtextFramework.tests/src/library3Simplified/tests/CustomerTest.java
>>  Opening folder /XsdToXtextFramework.tests/src/library3Simplified/tests
>>  Preparing new /XsdToXtextFramework.tests/src/library3Simplified/tests/CustomerTest.java
>>  Generating test case for Customer
>>  Creating EMF project XsdToXtextFramework.tests (XsdToXtextFramework.tests)
>>  Opening 'XsdToXtextFramework.tests'.
>>  Generating Java class library3Simplified.tests.CustomerTest
>>  Generating /XsdToXtextFramework.tests/src/library3Simplified/tests/CustomerTest.java
>>  Opening folder /XsdToXtextFramework.tests/src/library3Simplified/tests
>>  Examining old /XsdToXtextFramework.tests/src/library3Simplified/tests/CustomerTest.java
>>  Preparing new /XsdToXtextFramework.tests/src/library3Simplified/tests/CustomerTest.java
>>  Generating test case for Library
>>  Creating EMF project XsdToXtextFramework.tests (XsdToXtextFramework.tests)
>>  Opening 'XsdToXtextFramework.tests'.
>>  Generating Java class library3Simplified.tests.LibraryTest
>>  Generating /XsdToXtextFramework.tests/src/library3Simplified/tests/LibraryTest.java
>>  Opening folder /XsdToXtextFramework.tests/src/library3Simplified/tests
>>  Preparing new /XsdToXtextFramework.tests/src/library3Simplified/tests/LibraryTest.java
>>  Generating test case for Library
>>  Creating EMF project XsdToXtextFramework.tests (XsdToXtextFramework.tests)
>>  Opening 'XsdToXtextFramework.tests'.
>>  Generating Java class library3Simplified.tests.LibraryTest
>>  Generating /XsdToXtextFramework.tests/src/library3Simplified/tests/LibraryTest.java
>>  Opening folder /XsdToXtextFramework.tests/src/library3Simplified/tests
>>  Examining old /XsdToXtextFramework.tests/src/library3Simplified/tests/LibraryTest.java
>>  Preparing new /XsdToXtextFramework.tests/src/library3Simplified/tests/LibraryTest.java
